<?xml version="1.0" encoding="UTF-8"?>
<robot generator="Robot 3.1.2 (Python 3.8.0 on win32)" generated="20200110 12:20:44.120" rpa="false">
<suite id="s1" name="PagosQA" source="D:\Automatizacion python\Wingo\Wingo\Test\PagosQA.robot">
<test id="s1-t1" name="CP_001">
<kw name="Abrir_Pagina_Principal" library="RecursosQA">
<arguments>
<arg>QA</arg>
<arg>gc</arg>
</arguments>
<kw name="Open Browser" library="SeleniumLibrary">
<doc>Opens a new browser instance to the optional ``url``.</doc>
<arguments>
<arg>${URL.${AMBIENTE}}</arg>
<arg>${NAVEGADOR}</arg>
</arguments>
<msg timestamp="20200110 12:20:44.370" level="INFO">Opening browser 'gc' to base url 'https://vuela-uat.wingo.com/'.</msg>
<status status="PASS" starttime="20200110 12:20:44.370" endtime="20200110 12:21:06.962"></status>
</kw>
<kw name="Set Test Variable" library="BuiltIn">
<doc>Makes a variable available everywhere within the scope of the current test.</doc>
<arguments>
<arg>${NAVEGADOR}</arg>
</arguments>
<msg timestamp="20200110 12:21:06.963" level="INFO">${NAVEGADOR} = gc</msg>
<status status="PASS" starttime="20200110 12:21:06.963" endtime="20200110 12:21:06.964"></status>
</kw>
<kw name="Maximize Browser Window" library="SeleniumLibrary">
<doc>Maximizes current browser window.</doc>
<status status="PASS" starttime="20200110 12:21:06.964" endtime="20200110 12:21:08.129"></status>
</kw>
<kw name="Run Keyword If" library="BuiltIn">
<doc>Runs the given keyword with the given arguments, if ``condition`` is true.</doc>
<arguments>
<arg>('${AMBIENTE}' == 'QAIN')</arg>
<arg>set test variable</arg>
<arg>${IDIOMA}</arg>
<arg>'EN'</arg>
<arg>ELSE IF</arg>
<arg>('${AMBIENTE}' == 'QA')</arg>
<arg>set test variable</arg>
<arg>${IDIOMA}</arg>
<arg>'ES'</arg>
<arg>ELSE IF</arg>
<arg>('${AMBIENTE}' == 'PROD')</arg>
<arg>set test variable</arg>
<arg>${IDIOMA}</arg>
<arg>'ES'</arg>
<arg>ELSE IF</arg>
<arg>('${AMBIENTE}' == 'PRODIN')</arg>
<arg>set test variable</arg>
<arg>${IDIOMA}</arg>
<arg>'EN'</arg>
</arguments>
<kw name="Set Test Variable" library="BuiltIn">
<doc>Makes a variable available everywhere within the scope of the current test.</doc>
<arguments>
<arg>${IDIOMA}</arg>
<arg>'ES'</arg>
</arguments>
<msg timestamp="20200110 12:21:08.136" level="INFO">${IDIOMA} = 'ES'</msg>
<status status="PASS" starttime="20200110 12:21:08.131" endtime="20200110 12:21:08.136"></status>
</kw>
<status status="PASS" starttime="20200110 12:21:08.129" endtime="20200110 12:21:08.136"></status>
</kw>
<kw name="Asignar elementos Pagina principal" library="PaginaPrincipal">
<arguments>
<arg>${IDIOMA}</arg>
</arguments>
<kw name="Set Test Variable" library="BuiltIn">
<doc>Makes a variable available everywhere within the scope of the current test.</doc>
<arguments>
<arg>${LENGUA}</arg>
</arguments>
<msg timestamp="20200110 12:21:08.138" level="INFO">${LENGUA} = 'ES'</msg>
<status status="PASS" starttime="20200110 12:21:08.137" endtime="20200110 12:21:08.138"></status>
</kw>
<kw name="Set Variable" library="BuiltIn">
<doc>Returns the given values which can then be assigned to a variables.</doc>
<arguments>
<arg>xpath=//div[@class='circle']</arg>
</arguments>
<assign>
<var>${ChkTVUELO}</var>
</assign>
<msg timestamp="20200110 12:21:08.139" level="INFO">${ChkTVUELO} = xpath=//div[@class='circle']</msg>
<status status="PASS" starttime="20200110 12:21:08.138" endtime="20200110 12:21:08.139"></status>
</kw>
<kw name="Set Test Variable" library="BuiltIn">
<doc>Makes a variable available everywhere within the scope of the current test.</doc>
<arguments>
<arg>${ChkTVUELO}</arg>
</arguments>
<msg timestamp="20200110 12:21:08.139" level="INFO">${ChkTVUELO} = xpath=//div[@class='circle']</msg>
<status status="PASS" starttime="20200110 12:21:08.139" endtime="20200110 12:21:08.139"></status>
</kw>
<kw name="Set Variable" library="BuiltIn">
<doc>Returns the given values which can then be assigned to a variables.</doc>
<arguments>
<arg>xpath=//div[@class='styledSelect styledSelectOrigen']</arg>
</arguments>
<assign>
<var>${SltDESDE}</var>
</assign>
<msg timestamp="20200110 12:21:08.140" level="INFO">${SltDESDE} = xpath=//div[@class='styledSelect styledSelectOrigen']</msg>
<status status="PASS" starttime="20200110 12:21:08.140" endtime="20200110 12:21:08.140"></status>
</kw>
<kw name="Set Test Variable" library="BuiltIn">
<doc>Makes a variable available everywhere within the scope of the current test.</doc>
<arguments>
<arg>${SltDESDE}</arg>
</arguments>
<msg timestamp="20200110 12:21:08.141" level="INFO">${SltDESDE} = xpath=//div[@class='styledSelect styledSelectOrigen']</msg>
<status status="PASS" starttime="20200110 12:21:08.140" endtime="20200110 12:21:08.141"></status>
</kw>
<kw name="Set Variable" library="BuiltIn">
<doc>Returns the given values which can then be assigned to a variables.</doc>
<arguments>
<arg>id=_wingocomponentsibenew_INSTANCE_ctyl_inputOrigen</arg>
</arguments>
<assign>
<var>${TxtORIGEN}</var>
</assign>
<msg timestamp="20200110 12:21:08.142" level="INFO">${TxtORIGEN} = id=_wingocomponentsibenew_INSTANCE_ctyl_inputOrigen</msg>
<status status="PASS" starttime="20200110 12:21:08.141" endtime="20200110 12:21:08.142"></status>
</kw>
<kw name="Set Test Variable" library="BuiltIn">
<doc>Makes a variable available everywhere within the scope of the current test.</doc>
<arguments>
<arg>${TxtORIGEN}</arg>
</arguments>
<msg timestamp="20200110 12:21:08.143" level="INFO">${TxtORIGEN} = id=_wingocomponentsibenew_INSTANCE_ctyl_inputOrigen</msg>
<status status="PASS" starttime="20200110 12:21:08.142" endtime="20200110 12:21:08.143"></status>
</kw>
<kw name="Set Variable" library="BuiltIn">
<doc>Returns the given values which can then be assigned to a variables.</doc>
<arguments>
<arg>xpath=//input[@class='searchSelect searchSelectIbeD'][contains(@id,'inputDestino')]</arg>
</arguments>
<assign>
<var>${SltDESTINO}</var>
</assign>
<msg timestamp="20200110 12:21:08.143" level="INFO">${SltDESTINO} = xpath=//input[@class='searchSelect searchSelectIbeD'][contains(@id,'inputDestino')]</msg>
<status status="PASS" starttime="20200110 12:21:08.143" endtime="20200110 12:21:08.143"></status>
</kw>
<kw name="Set Test Variable" library="BuiltIn">
<doc>Makes a variable available everywhere within the scope of the current test.</doc>
<arguments>
<arg>${SltDESTINO}</arg>
</arguments>
<msg timestamp="20200110 12:21:08.144" level="INFO">${SltDESTINO} = xpath=//input[@class='searchSelect searchSelectIbeD'][contains(@id,'inputDestino')]</msg>
<status status="PASS" starttime="20200110 12:21:08.143" endtime="20200110 12:21:08.144"></status>
</kw>
<kw name="Set Variable" library="BuiltIn">
<doc>Returns the given values which can then be assigned to a variables.</doc>
<arguments>
<arg>xpath=//li[contains(@data-cod,'XXX')]</arg>
</arguments>
<assign>
<var>${CiuORIGEN}</var>
</assign>
<msg timestamp="20200110 12:21:08.144" level="INFO">${CiuORIGEN} = xpath=//li[contains(@data-cod,'XXX')]</msg>
<status status="PASS" starttime="20200110 12:21:08.144" endtime="20200110 12:21:08.144"></status>
</kw>
<kw name="Set Test Variable" library="BuiltIn">
<doc>Makes a variable available everywhere within the scope of the current test.</doc>
<arguments>
<arg>${CiuORIGEN}</arg>
</arguments>
<msg timestamp="20200110 12:21:08.145" level="INFO">${CiuORIGEN} = xpath=//li[contains(@data-cod,'XXX')]</msg>
<status status="PASS" starttime="20200110 12:21:08.145" endtime="20200110 12:21:08.145"></status>
</kw>
<kw name="Set Variable" library="BuiltIn">
<doc>Returns the given values which can then be assigned to a variables.</doc>
<arguments>
<arg>xpath=(//li[@data-cod='XXX'])[2]</arg>
</arguments>
<assign>
<var>${CiuDESTINO}</var>
</assign>
<msg timestamp="20200110 12:21:08.146" level="INFO">${CiuDESTINO} = xpath=(//li[@data-cod='XXX'])[2]</msg>
<status status="PASS" starttime="20200110 12:21:08.145" endtime="20200110 12:21:08.146"></status>
</kw>
<kw name="Set Test Variable" library="BuiltIn">
<doc>Makes a variable available everywhere within the scope of the current test.</doc>
<arguments>
<arg>${CiuDESTINO}</arg>
</arguments>
<msg timestamp="20200110 12:21:08.147" level="INFO">${CiuDESTINO} = xpath=(//li[@data-cod='XXX'])[2]</msg>
<status status="PASS" starttime="20200110 12:21:08.146" endtime="20200110 12:21:08.147"></status>
</kw>
<kw name="Set Variable" library="BuiltIn">
<doc>Returns the given values which can then be assigned to a variables.</doc>
<arguments>
<arg>xpath=//div[@class='styledSelect styledSelectMoneda']</arg>
</arguments>
<assign>
<var>${SlcMONEDA}</var>
</assign>
<msg timestamp="20200110 12:21:08.148" level="INFO">${SlcMONEDA} = xpath=//div[@class='styledSelect styledSelectMoneda']</msg>
<status status="PASS" starttime="20200110 12:21:08.147" endtime="20200110 12:21:08.148"></status>
</kw>
<kw name="Set Test Variable" library="BuiltIn">
<doc>Makes a variable available everywhere within the scope of the current test.</doc>
<arguments>
<arg>${SlcMONEDA}</arg>
</arguments>
<msg timestamp="20200110 12:21:08.148" level="INFO">${SlcMONEDA} = xpath=//div[@class='styledSelect styledSelectMoneda']</msg>
<status status="PASS" starttime="20200110 12:21:08.148" endtime="20200110 12:21:08.148"></status>
</kw>
<kw name="Set Variable If" library="BuiltIn">
<doc>Sets variable based on the given condition.</doc>
<arguments>
<arg>${LENGUA}=='ES'</arg>
<arg>xpath=//li[contains(.,'Peso Colombiano (COP)')]</arg>
<arg>xpath=//li[contains(.,'Colombian Peso (COP)')]</arg>
</arguments>
<assign>
<var>${MONEDACOP}</var>
</assign>
<msg timestamp="20200110 12:21:08.149" level="INFO">${MONEDACOP} = xpath=//li[contains(.,'Peso Colombiano (COP)')]</msg>
<status status="PASS" starttime="20200110 12:21:08.149" endtime="20200110 12:21:08.149"></status>
</kw>
<kw name="Set Test Variable" library="BuiltIn">
<doc>Makes a variable available everywhere within the scope of the current test.</doc>
<arguments>
<arg>${MONEDACOP}</arg>
</arguments>
<msg timestamp="20200110 12:21:08.150" level="INFO">${MONEDACOP} = xpath=//li[contains(.,'Peso Colombiano (COP)')]</msg>
<status status="PASS" starttime="20200110 12:21:08.149" endtime="20200110 12:21:08.150"></status>
</kw>
<kw name="Set Variable If" library="BuiltIn">
<doc>Sets variable based on the given condition.</doc>
<arguments>
<arg>${LENGUA}=='ES'</arg>
<arg>xpath=//li[contains(.,'Dólar Americano (USD)')]</arg>
<arg>xpath=//li[contains(.,'US Dollar (USD)')]</arg>
</arguments>
<assign>
<var>${MONEDAUSD}</var>
</assign>
<msg timestamp="20200110 12:21:08.150" level="INFO">${MONEDAUSD} = xpath=//li[contains(.,'Dólar Americano (USD)')]</msg>
<status status="PASS" starttime="20200110 12:21:08.150" endtime="20200110 12:21:08.150"></status>
</kw>
<kw name="Set Test Variable" library="BuiltIn">
<doc>Makes a variable available everywhere within the scope of the current test.</doc>
<arguments>
<arg>${MONEDAUSD}</arg>
</arguments>
<msg timestamp="20200110 12:21:08.151" level="INFO">${MONEDAUSD} = xpath=//li[contains(.,'Dólar Americano (USD)')]</msg>
<status status="PASS" starttime="20200110 12:21:08.151" endtime="20200110 12:21:08.151"></status>
</kw>
<kw name="Set Test Variable" library="BuiltIn">
<doc>Makes a variable available everywhere within the scope of the current test.</doc>
<arguments>
<arg>${SlcANOPARTIDA}</arg>
<arg>xpath=(//select[contains(@class,'year')])[1]</arg>
</arguments>
<msg timestamp="20200110 12:21:08.154" level="INFO">${SlcANOPARTIDA} = xpath=(//select[contains(@class,'year')])[1]</msg>
<status status="PASS" starttime="20200110 12:21:08.151" endtime="20200110 12:21:08.154"></status>
</kw>
<kw name="Set Test Variable" library="BuiltIn">
<doc>Makes a variable available everywhere within the scope of the current test.</doc>
<arguments>
<arg>${SlcANOSALIDA}</arg>
<arg>xpath=(//select[contains(@class,'year')])[3]</arg>
</arguments>
<msg timestamp="20200110 12:21:08.157" level="INFO">${SlcANOSALIDA} = xpath=(//select[contains(@class,'year')])[3]</msg>
<status status="PASS" starttime="20200110 12:21:08.154" endtime="20200110 12:21:08.157"></status>
</kw>
<kw name="Set Variable" library="BuiltIn">
<doc>Returns the given values which can then be assigned to a variables.</doc>
<arguments>
<arg>xpath=//div[@class='info-airport info-airport-ida']</arg>
</arguments>
<assign>
<var>${SltFECHAIDA}</var>
</assign>
<msg timestamp="20200110 12:21:08.158" level="INFO">${SltFECHAIDA} = xpath=//div[@class='info-airport info-airport-ida']</msg>
<status status="PASS" starttime="20200110 12:21:08.158" endtime="20200110 12:21:08.158"></status>
</kw>
<kw name="Set Test Variable" library="BuiltIn">
<doc>Makes a variable available everywhere within the scope of the current test.</doc>
<arguments>
<arg>${SltFECHAIDA}</arg>
</arguments>
<msg timestamp="20200110 12:21:08.158" level="INFO">${SltFECHAIDA} = xpath=//div[@class='info-airport info-airport-ida']</msg>
<status status="PASS" starttime="20200110 12:21:08.158" endtime="20200110 12:21:08.159"></status>
</kw>
<kw name="Set Variable" library="BuiltIn">
<doc>Returns the given values which can then be assigned to a variables.</doc>
<arguments>
<arg>xpath=//span[@class='next']</arg>
</arguments>
<assign>
<var>${SIGMES}</var>
</assign>
<msg timestamp="20200110 12:21:08.159" level="INFO">${SIGMES} = xpath=//span[@class='next']</msg>
<status status="PASS" starttime="20200110 12:21:08.159" endtime="20200110 12:21:08.159"></status>
</kw>
<kw name="Set Test Variable" library="BuiltIn">
<doc>Makes a variable available everywhere within the scope of the current test.</doc>
<arguments>
<arg>${SIGMES}</arg>
</arguments>
<msg timestamp="20200110 12:21:08.160" level="INFO">${SIGMES} = xpath=//span[@class='next']</msg>
<status status="PASS" starttime="20200110 12:21:08.160" endtime="20200110 12:21:08.160"></status>
</kw>
<kw name="Set Variable" library="BuiltIn">
<doc>Returns the given values which can then be assigned to a variables.</doc>
<arguments>
<arg>xpath=(//select[@class='month'])[1]</arg>
</arguments>
<assign>
<var>${MESIDA}</var>
</assign>
<msg timestamp="20200110 12:21:08.161" level="INFO">${MESIDA} = xpath=(//select[@class='month'])[1]</msg>
<status status="PASS" starttime="20200110 12:21:08.160" endtime="20200110 12:21:08.161"></status>
</kw>
<kw name="Set Test Variable" library="BuiltIn">
<doc>Makes a variable available everywhere within the scope of the current test.</doc>
<arguments>
<arg>${MESIDA}</arg>
</arguments>
<msg timestamp="20200110 12:21:08.161" level="INFO">${MESIDA} = xpath=(//select[@class='month'])[1]</msg>
<status status="PASS" starttime="20200110 12:21:08.161" endtime="20200110 12:21:08.161"></status>
</kw>
<kw name="Set Variable" library="BuiltIn">
<doc>Returns the given values which can then be assigned to a variables.</doc>
<arguments>
<arg>xpath=(//select[@class='month'])[3]</arg>
</arguments>
<assign>
<var>${MESVUELTA}</var>
</assign>
<msg timestamp="20200110 12:21:08.162" level="INFO">${MESVUELTA} = xpath=(//select[@class='month'])[3]</msg>
<status status="PASS" starttime="20200110 12:21:08.162" endtime="20200110 12:21:08.162"></status>
</kw>
<kw name="Set Test Variable" library="BuiltIn">
<doc>Makes a variable available everywhere within the scope of the current test.</doc>
<arguments>
<arg>${MESVUELTA}</arg>
</arguments>
<msg timestamp="20200110 12:21:08.162" level="INFO">${MESVUELTA} = xpath=(//select[@class='month'])[3]</msg>
<status status="PASS" starttime="20200110 12:21:08.162" endtime="20200110 12:21:08.162"></status>
</kw>
<kw name="Set Variable If" library="BuiltIn">
<doc>Sets variable based on the given condition.</doc>
<arguments>
<arg>${LENGUA}=='ES'</arg>
<arg>xpath=(.//*[normalize-space(text()) and normalize-space(.)='Do'])[1]/following::div[XXX]</arg>
<arg>xpath=(.//*[normalize-space(text()) and normalize-space(.)='Su'])[1]/following::div[XXX]</arg>
</arguments>
<assign>
<var>${DtePARTIDA}</var>
</assign>
<msg timestamp="20200110 12:21:08.163" level="INFO">${DtePARTIDA} = xpath=(.//*[normalize-space(text()) and normalize-space(.)='Do'])[1]/following::div[XXX]</msg>
<status status="PASS" starttime="20200110 12:21:08.163" endtime="20200110 12:21:08.163"></status>
</kw>
<kw name="Set Test Variable" library="BuiltIn">
<doc>Makes a variable available everywhere within the scope of the current test.</doc>
<arguments>
<arg>${DtePARTIDA}</arg>
</arguments>
<msg timestamp="20200110 12:21:08.164" level="INFO">${DtePARTIDA} = xpath=(.//*[normalize-space(text()) and normalize-space(.)='Do'])[1]/following::div[XXX]</msg>
<status status="PASS" starttime="20200110 12:21:08.163" endtime="20200110 12:21:08.164"></status>
</kw>
<kw name="Set Variable If" library="BuiltIn">
<doc>Sets variable based on the given condition.</doc>
<arguments>
<arg>${LENGUA}=='ES'</arg>
<arg>xpath=(.//*[normalize-space(text()) and normalize-space(.)='Do'])[3]/following::div[XXX]</arg>
<arg>xpath=(.//*[normalize-space(text()) and normalize-space(.)='Su'])[3]/following::div[XXX]</arg>
</arguments>
<assign>
<var>${DteREGRESO}</var>
</assign>
<msg timestamp="20200110 12:21:08.165" level="INFO">${DteREGRESO} = xpath=(.//*[normalize-space(text()) and normalize-space(.)='Do'])[3]/following::div[XXX]</msg>
<status status="PASS" starttime="20200110 12:21:08.164" endtime="20200110 12:21:08.165"></status>
</kw>
<kw name="Set Test Variable" library="BuiltIn">
<doc>Makes a variable available everywhere within the scope of the current test.</doc>
<arguments>
<arg>${DteREGRESO}</arg>
</arguments>
<msg timestamp="20200110 12:21:08.165" level="INFO">${DteREGRESO} = xpath=(.//*[normalize-space(text()) and normalize-space(.)='Do'])[3]/following::div[XXX]</msg>
<status status="PASS" starttime="20200110 12:21:08.165" endtime="20200110 12:21:08.165"></status>
</kw>
<kw name="Set Variable If" library="BuiltIn">
<doc>Sets variable based on the given condition.</doc>
<arguments>
<arg>${LENGUA}=='ES'</arg>
<arg>¿Viajas con un infante?</arg>
<arg>Do you travel with an infant?</arg>
</arguments>
<assign>
<var>${TxtInfantes}</var>
</assign>
<msg timestamp="20200110 12:21:08.166" level="INFO">${TxtInfantes} = ¿Viajas con un infante?</msg>
<status status="PASS" starttime="20200110 12:21:08.166" endtime="20200110 12:21:08.166"></status>
</kw>
<kw name="Set Test Variable" library="BuiltIn">
<doc>Makes a variable available everywhere within the scope of the current test.</doc>
<arguments>
<arg>${TxtInfantes}</arg>
</arguments>
<msg timestamp="20200110 12:21:08.167" level="INFO">${TxtInfantes} = ¿Viajas con un infante?</msg>
<status status="PASS" starttime="20200110 12:21:08.167" endtime="20200110 12:21:08.167"></status>
</kw>
<kw name="Set Variable If" library="BuiltIn">
<doc>Sets variable based on the given condition.</doc>
<arguments>
<arg>${LENGUA}=='ES'</arg>
<arg>Elige tu mejor tarifa</arg>
<arg>Select your best fare</arg>
</arguments>
<assign>
<var>${TxtTarifas}</var>
</assign>
<msg timestamp="20200110 12:21:08.168" level="INFO">${TxtTarifas} = Elige tu mejor tarifa</msg>
<status status="PASS" starttime="20200110 12:21:08.167" endtime="20200110 12:21:08.168"></status>
</kw>
<kw name="Set Test Variable" library="BuiltIn">
<doc>Makes a variable available everywhere within the scope of the current test.</doc>
<arguments>
<arg>${TxtTarifas}</arg>
</arguments>
<msg timestamp="20200110 12:21:08.169" level="INFO">${TxtTarifas} = Elige tu mejor tarifa</msg>
<status status="PASS" starttime="20200110 12:21:08.168" endtime="20200110 12:21:08.169"></status>
</kw>
<kw name="Set Variable If" library="BuiltIn">
<doc>Sets variable based on the given condition.</doc>
<arguments>
<arg>${LENGUA}=='ES'</arg>
<arg>xpath=(//button[contains(.,'Continuar')])[1]</arg>
<arg>xpath=(//button[contains(.,'Continue')])[1]</arg>
</arguments>
<assign>
<var>${BtnCONTINUARPV}</var>
</assign>
<msg timestamp="20200110 12:21:08.169" level="INFO">${BtnCONTINUARPV} = xpath=(//button[contains(.,'Continuar')])[1]</msg>
<status status="PASS" starttime="20200110 12:21:08.169" endtime="20200110 12:21:08.169"></status>
</kw>
<kw name="Set Test Variable" library="BuiltIn">
<doc>Makes a variable available everywhere within the scope of the current test.</doc>
<arguments>
<arg>${BtnCONTINUARPV}</arg>
</arguments>
<msg timestamp="20200110 12:21:08.170" level="INFO">${BtnCONTINUARPV} = xpath=(//button[contains(.,'Continuar')])[1]</msg>
<status status="PASS" starttime="20200110 12:21:08.170" endtime="20200110 12:21:08.170"></status>
</kw>
<status status="PASS" starttime="20200110 12:21:08.137" endtime="20200110 12:21:08.170"></status>
</kw>
<kw name="Asignar elementos pagina vuelos" library="2-PersonalizaVuelo">
<arguments>
<arg>${IDIOMA}</arg>
</arguments>
<kw name="Set Variable If" library="BuiltIn">
<doc>Sets variable based on the given condition.</doc>
<arguments>
<arg>${LENGUA}=='ES'</arg>
<arg>Completa datos de los viajeros</arg>
<arg>Complete passenger data</arg>
</arguments>
<assign>
<var>${TxtPasajeros}</var>
</assign>
<msg timestamp="20200110 12:21:08.172" level="INFO">${TxtPasajeros} = Completa datos de los viajeros</msg>
<status status="PASS" starttime="20200110 12:21:08.171" endtime="20200110 12:21:08.172"></status>
</kw>
<kw name="Set Test Variable" library="BuiltIn">
<doc>Makes a variable available everywhere within the scope of the current test.</doc>
<arguments>
<arg>${TxtPasajeros}</arg>
</arguments>
<msg timestamp="20200110 12:21:08.172" level="INFO">${TxtPasajeros} = Completa datos de los viajeros</msg>
<status status="PASS" starttime="20200110 12:21:08.172" endtime="20200110 12:21:08.172"></status>
</kw>
<kw name="Set Variable If" library="BuiltIn">
<doc>Sets variable based on the given condition.</doc>
<arguments>
<arg>${LENGUA}=='ES'</arg>
<arg>xpath=(.//*[normalize-space(text()) and normalize-space(.)="Fecha de nacimiento"])[XXX]/following::select[1]</arg>
<arg>xpath=(.//*[normalize-space(text()) and normalize-space(.)="Birth Date"])[XXX]/following::select[1]</arg>
</arguments>
<assign>
<var>${LblANO}</var>
</assign>
<msg timestamp="20200110 12:21:08.173" level="INFO">${LblANO} = xpath=(.//*[normalize-space(text()) and normalize-space(.)="Fecha de nacimiento"])[XXX]/following::select[1]</msg>
<status status="PASS" starttime="20200110 12:21:08.172" endtime="20200110 12:21:08.173"></status>
</kw>
<kw name="Set Test Variable" library="BuiltIn">
<doc>Makes a variable available everywhere within the scope of the current test.</doc>
<arguments>
<arg>${LblANO}</arg>
</arguments>
<msg timestamp="20200110 12:21:08.173" level="INFO">${LblANO} = xpath=(.//*[normalize-space(text()) and normalize-space(.)="Fecha de nacimiento"])[XXX]/following::select[1]</msg>
<status status="PASS" starttime="20200110 12:21:08.173" endtime="20200110 12:21:08.173"></status>
</kw>
<kw name="Set Variable If" library="BuiltIn">
<doc>Sets variable based on the given condition.</doc>
<arguments>
<arg>${LENGUA}=='ES'</arg>
<arg>xpath=(.//*[normalize-space(text()) and normalize-space(.)="Fecha de nacimiento"])[XXX]/following::select[2]</arg>
<arg>xpath=(.//*[normalize-space(text()) and normalize-space(.)="Birth Date"])[XXX]/following::select[2]</arg>
</arguments>
<assign>
<var>${LblMES}</var>
</assign>
<msg timestamp="20200110 12:21:08.174" level="INFO">${LblMES} = xpath=(.//*[normalize-space(text()) and normalize-space(.)="Fecha de nacimiento"])[XXX]/following::select[2]</msg>
<status status="PASS" starttime="20200110 12:21:08.174" endtime="20200110 12:21:08.174"></status>
</kw>
<kw name="Set Test Variable" library="BuiltIn">
<doc>Makes a variable available everywhere within the scope of the current test.</doc>
<arguments>
<arg>${LblMES}</arg>
</arguments>
<msg timestamp="20200110 12:21:08.175" level="INFO">${LblMES} = xpath=(.//*[normalize-space(text()) and normalize-space(.)="Fecha de nacimiento"])[XXX]/following::select[2]</msg>
<status status="PASS" starttime="20200110 12:21:08.174" endtime="20200110 12:21:08.175"></status>
</kw>
<kw name="Set Variable If" library="BuiltIn">
<doc>Sets variable based on the given condition.</doc>
<arguments>
<arg>${LENGUA}=='ES'</arg>
<arg>xpath=(.//*[normalize-space(text()) and normalize-space(.)="Fecha de nacimiento"])[XXX]/following::select[3]</arg>
<arg>xpath=(.//*[normalize-space(text()) and normalize-space(.)="Birth Date"])[XXX]/following::select[3]</arg>
</arguments>
<assign>
<var>${LblDIA}</var>
</assign>
<msg timestamp="20200110 12:21:08.175" level="INFO">${LblDIA} = xpath=(.//*[normalize-space(text()) and normalize-space(.)="Fecha de nacimiento"])[XXX]/following::select[3]</msg>
<status status="PASS" starttime="20200110 12:21:08.175" endtime="20200110 12:21:08.175"></status>
</kw>
<kw name="Set Test Variable" library="BuiltIn">
<doc>Makes a variable available everywhere within the scope of the current test.</doc>
<arguments>
<arg>${LblDIA}</arg>
</arguments>
<msg timestamp="20200110 12:21:08.176" level="INFO">${LblDIA} = xpath=(.//*[normalize-space(text()) and normalize-space(.)="Fecha de nacimiento"])[XXX]/following::select[3]</msg>
<status status="PASS" starttime="20200110 12:21:08.176" endtime="20200110 12:21:08.176"></status>
</kw>
<kw name="Set Variable If" library="BuiltIn">
<doc>Sets variable based on the given condition.</doc>
<arguments>
<arg>${LENGUA}=='ES'</arg>
<arg>xpath=(.//*[normalize-space(text()) and normalize-space(.)="Fecha de nacimiento"])[XXX]/following::select[1]</arg>
<arg>xpath=(.//*[normalize-space(text()) and normalize-space(.)="Birth Date"])[XXX]/following::select[1]</arg>
</arguments>
<assign>
<var>${LblANONINO}</var>
</assign>
<msg timestamp="20200110 12:21:08.177" level="INFO">${LblANONINO} = xpath=(.//*[normalize-space(text()) and normalize-space(.)="Fecha de nacimiento"])[XXX]/following::select[1]</msg>
<status status="PASS" starttime="20200110 12:21:08.176" endtime="20200110 12:21:08.177"></status>
</kw>
<kw name="Set Test Variable" library="BuiltIn">
<doc>Makes a variable available everywhere within the scope of the current test.</doc>
<arguments>
<arg>${LblANONINO}</arg>
</arguments>
<msg timestamp="20200110 12:21:08.178" level="INFO">${LblANONINO} = xpath=(.//*[normalize-space(text()) and normalize-space(.)="Fecha de nacimiento"])[XXX]/following::select[1]</msg>
<status status="PASS" starttime="20200110 12:21:08.178" endtime="20200110 12:21:08.178"></status>
</kw>
<kw name="Set Variable If" library="BuiltIn">
<doc>Sets variable based on the given condition.</doc>
<arguments>
<arg>${LENGUA}=='ES'</arg>
<arg>xpath=(.//*[normalize-space(text()) and normalize-space(.)="Fecha de nacimiento"])[XXX]/following::select[2]</arg>
<arg>xpath=(.//*[normalize-space(text()) and normalize-space(.)="Birth Date"])[XXX]/following::select[2]</arg>
</arguments>
<assign>
<var>${LblMESNINO}</var>
</assign>
<msg timestamp="20200110 12:21:08.179" level="INFO">${LblMESNINO} = xpath=(.//*[normalize-space(text()) and normalize-space(.)="Fecha de nacimiento"])[XXX]/following::select[2]</msg>
<status status="PASS" starttime="20200110 12:21:08.179" endtime="20200110 12:21:08.179"></status>
</kw>
<kw name="Set Test Variable" library="BuiltIn">
<doc>Makes a variable available everywhere within the scope of the current test.</doc>
<arguments>
<arg>${LblMESNINO}</arg>
</arguments>
<msg timestamp="20200110 12:21:08.180" level="INFO">${LblMESNINO} = xpath=(.//*[normalize-space(text()) and normalize-space(.)="Fecha de nacimiento"])[XXX]/following::select[2]</msg>
<status status="PASS" starttime="20200110 12:21:08.180" endtime="20200110 12:21:08.181"></status>
</kw>
<kw name="Set Variable If" library="BuiltIn">
<doc>Sets variable based on the given condition.</doc>
<arguments>
<arg>${LENGUA}=='ES'</arg>
<arg>xpath=(.//*[normalize-space(text()) and normalize-space(.)="Fecha de nacimiento"])[XXX]/following::select[3]</arg>
<arg>xpath=(.//*[normalize-space(text()) and normalize-space(.)="Birth Date"])[XXX]/following::select[3]</arg>
</arguments>
<assign>
<var>${LblDIANINO}</var>
</assign>
<msg timestamp="20200110 12:21:08.181" level="INFO">${LblDIANINO} = xpath=(.//*[normalize-space(text()) and normalize-space(.)="Fecha de nacimiento"])[XXX]/following::select[3]</msg>
<status status="PASS" starttime="20200110 12:21:08.181" endtime="20200110 12:21:08.182"></status>
</kw>
<kw name="Set Test Variable" library="BuiltIn">
<doc>Makes a variable available everywhere within the scope of the current test.</doc>
<arguments>
<arg>${LblDIANINO}</arg>
</arguments>
<msg timestamp="20200110 12:21:08.182" level="INFO">${LblDIANINO} = xpath=(.//*[normalize-space(text()) and normalize-space(.)="Fecha de nacimiento"])[XXX]/following::select[3]</msg>
<status status="PASS" starttime="20200110 12:21:08.182" endtime="20200110 12:21:08.182"></status>
</kw>
<kw name="Set Variable If" library="BuiltIn">
<doc>Sets variable based on the given condition.</doc>
<arguments>
<arg>${LENGUA}=='ES'</arg>
<arg>xpath=(.//*[normalize-space(text()) and normalize-space(.)="Fecha de nacimiento"])[XXX]/following::select[1]</arg>
<arg>xpath=(.//*[normalize-space(text()) and normalize-space(.)="Birth Date"])[XXX]/following::select[1]</arg>
</arguments>
<assign>
<var>${LblANOINF}</var>
</assign>
<msg timestamp="20200110 12:21:08.183" level="INFO">${LblANOINF} = xpath=(.//*[normalize-space(text()) and normalize-space(.)="Fecha de nacimiento"])[XXX]/following::select[1]</msg>
<status status="PASS" starttime="20200110 12:21:08.183" endtime="20200110 12:21:08.183"></status>
</kw>
<kw name="Set Test Variable" library="BuiltIn">
<doc>Makes a variable available everywhere within the scope of the current test.</doc>
<arguments>
<arg>${LblANOINF}</arg>
</arguments>
<msg timestamp="20200110 12:21:08.184" level="INFO">${LblANOINF} = xpath=(.//*[normalize-space(text()) and normalize-space(.)="Fecha de nacimiento"])[XXX]/following::select[1]</msg>
<status status="PASS" starttime="20200110 12:21:08.184" endtime="20200110 12:21:08.184"></status>
</kw>
<kw name="Set Variable If" library="BuiltIn">
<doc>Sets variable based on the given condition.</doc>
<arguments>
<arg>${LENGUA}=='ES'</arg>
<arg>xpath=(.//*[normalize-space(text()) and normalize-space(.)="Fecha de nacimiento"])[XXX]/following::select[2]</arg>
<arg>xpath=(.//*[normalize-space(text()) and normalize-space(.)="Birth Date"])[XXX]/following::select[2]</arg>
</arguments>
<assign>
<var>${LblMESINF}</var>
</assign>
<msg timestamp="20200110 12:21:08.185" level="INFO">${LblMESINF} = xpath=(.//*[normalize-space(text()) and normalize-space(.)="Fecha de nacimiento"])[XXX]/following::select[2]</msg>
<status status="PASS" starttime="20200110 12:21:08.185" endtime="20200110 12:21:08.185"></status>
</kw>
<kw name="Set Test Variable" library="BuiltIn">
<doc>Makes a variable available everywhere within the scope of the current test.</doc>
<arguments>
<arg>${LblMESINF}</arg>
</arguments>
<msg timestamp="20200110 12:21:08.186" level="INFO">${LblMESINF} = xpath=(.//*[normalize-space(text()) and normalize-space(.)="Fecha de nacimiento"])[XXX]/following::select[2]</msg>
<status status="PASS" starttime="20200110 12:21:08.186" endtime="20200110 12:21:08.186"></status>
</kw>
<kw name="Set Variable If" library="BuiltIn">
<doc>Sets variable based on the given condition.</doc>
<arguments>
<arg>${LENGUA}=='ES'</arg>
<arg>xpath=(.//*[normalize-space(text()) and normalize-space(.)="Fecha de nacimiento"])[XXX]/following::select[3]</arg>
<arg>xpath=(.//*[normalize-space(text()) and normalize-space(.)="Birth Date"])[XXX]/following::select[3]</arg>
</arguments>
<assign>
<var>${LblDIAINF}</var>
</assign>
<msg timestamp="20200110 12:21:08.187" level="INFO">${LblDIAINF} = xpath=(.//*[normalize-space(text()) and normalize-space(.)="Fecha de nacimiento"])[XXX]/following::select[3]</msg>
<status status="PASS" starttime="20200110 12:21:08.186" endtime="20200110 12:21:08.187"></status>
</kw>
<kw name="Set Test Variable" library="BuiltIn">
<doc>Makes a variable available everywhere within the scope of the current test.</doc>
<arguments>
<arg>${LblDIAINF}</arg>
</arguments>
<msg timestamp="20200110 12:21:08.187" level="INFO">${LblDIAINF} = xpath=(.//*[normalize-space(text()) and normalize-space(.)="Fecha de nacimiento"])[XXX]/following::select[3]</msg>
<status status="PASS" starttime="20200110 12:21:08.187" endtime="20200110 12:21:08.187"></status>
</kw>
<kw name="Set Variable If" library="BuiltIn">
<doc>Sets variable based on the given condition.</doc>
<arguments>
<arg>${LENGUA}=='ES'</arg>
<arg>xpath=//button[contains(.,'No, gracias')]</arg>
<arg>xpath=//button[contains(.,'No thanks')]</arg>
</arguments>
<assign>
<var>${NOSERVICIOS}</var>
</assign>
<msg timestamp="20200110 12:21:08.188" level="INFO">${NOSERVICIOS} = xpath=//button[contains(.,'No, gracias')]</msg>
<status status="PASS" starttime="20200110 12:21:08.188" endtime="20200110 12:21:08.188"></status>
</kw>
<kw name="Set Test Variable" library="BuiltIn">
<doc>Makes a variable available everywhere within the scope of the current test.</doc>
<arguments>
<arg>${NOSERVICIOS}</arg>
</arguments>
<msg timestamp="20200110 12:21:08.189" level="INFO">${NOSERVICIOS} = xpath=//button[contains(.,'No, gracias')]</msg>
<status status="PASS" starttime="20200110 12:21:08.189" endtime="20200110 12:21:08.189"></status>
</kw>
<kw name="Set Variable If" library="BuiltIn">
<doc>Sets variable based on the given condition.</doc>
<arguments>
<arg>${LENGUA}=='ES'</arg>
<arg>xpath=//button[contains(.,'Continuar sin Fila Rápida')]</arg>
<arg>xpath=//button[contains(.,'No thanks')]</arg>
</arguments>
<assign>
<var>${NOFILARAPIDA}</var>
</assign>
<msg timestamp="20200110 12:21:08.190" level="INFO">${NOFILARAPIDA} = xpath=//button[contains(.,'Continuar sin Fila Rápida')]</msg>
<status status="PASS" starttime="20200110 12:21:08.189" endtime="20200110 12:21:08.190"></status>
</kw>
<status status="PASS" starttime="20200110 12:21:08.170" endtime="20200110 12:21:08.190"></status>
</kw>
<kw name="Asignar elementos pagina sillas" library="3-AsignaSillas">
<arguments>
<arg>${IDIOMA}</arg>
</arguments>
<kw name="Set Variable If" library="BuiltIn">
<doc>Sets variable based on the given condition.</doc>
<arguments>
<arg>${LENGUA}=='ES'</arg>
<arg>¿Quieres escoger tu silla? (Opcional)</arg>
<arg>Do you want to select your seat? (Optional)</arg>
</arguments>
<assign>
<var>${TxtSillas}</var>
</assign>
<msg timestamp="20200110 12:21:08.191" level="INFO">${TxtSillas} = ¿Quieres escoger tu silla? (Opcional)</msg>
<status status="PASS" starttime="20200110 12:21:08.191" endtime="20200110 12:21:08.191"></status>
</kw>
<kw name="Set Test Variable" library="BuiltIn">
<doc>Makes a variable available everywhere within the scope of the current test.</doc>
<arguments>
<arg>${TxtSillas}</arg>
</arguments>
<msg timestamp="20200110 12:21:08.192" level="INFO">${TxtSillas} = ¿Quieres escoger tu silla? (Opcional)</msg>
<status status="PASS" starttime="20200110 12:21:08.191" endtime="20200110 12:21:08.192"></status>
</kw>
<kw name="Set Variable If" library="BuiltIn">
<doc>Sets variable based on the given condition.</doc>
<arguments>
<arg>${LENGUA}=='ES'</arg>
<arg>xpath=//h3[contains(.,'Vuelo de regreso')]</arg>
<arg>xpath=//h3[contains(.,' Return flight')]</arg>
</arguments>
<assign>
<var>${BtnVUELOREGRESO}</var>
</assign>
<msg timestamp="20200110 12:21:08.192" level="INFO">${BtnVUELOREGRESO} = xpath=//h3[contains(.,'Vuelo de regreso')]</msg>
<status status="PASS" starttime="20200110 12:21:08.192" endtime="20200110 12:21:08.192"></status>
</kw>
<kw name="Set Test Variable" library="BuiltIn">
<doc>Makes a variable available everywhere within the scope of the current test.</doc>
<arguments>
<arg>${BtnVUELOREGRESO}</arg>
</arguments>
<msg timestamp="20200110 12:21:08.193" level="INFO">${BtnVUELOREGRESO} = xpath=//h3[contains(.,'Vuelo de regreso')]</msg>
<status status="PASS" starttime="20200110 12:21:08.193" endtime="20200110 12:21:08.193"></status>
</kw>
<kw name="Set Variable If" library="BuiltIn">
<doc>Sets variable based on the given condition.</doc>
<arguments>
<arg>${LENGUA}=='ES'</arg>
<arg>xpath=//button[@class='btn btn-default ng-star-inserted'][contains(.,'No, gracias')]</arg>
<arg>xpath=//button[@class='btn btn-default ng-star-inserted'][contains(.,'No, thanks')]</arg>
</arguments>
<assign>
<var>${BtnCONTINUAROWQA}</var>
</assign>
<msg timestamp="20200110 12:21:08.194" level="INFO">${BtnCONTINUAROWQA} = xpath=//button[@class='btn btn-default ng-star-inserted'][contains(.,'No, gracias')]</msg>
<status status="PASS" starttime="20200110 12:21:08.194" endtime="20200110 12:21:08.194"></status>
</kw>
<kw name="Set Test Variable" library="BuiltIn">
<doc>Makes a variable available everywhere within the scope of the current test.</doc>
<arguments>
<arg>${BtnCONTINUAROWQA}</arg>
</arguments>
<msg timestamp="20200110 12:21:08.195" level="INFO">${BtnCONTINUAROWQA} = xpath=//button[@class='btn btn-default ng-star-inserted'][contains(.,'No, gracias')]</msg>
<status status="PASS" starttime="20200110 12:21:08.195" endtime="20200110 12:21:08.196"></status>
</kw>
<kw name="Set Variable If" library="BuiltIn">
<doc>Sets variable based on the given condition.</doc>
<arguments>
<arg>${LENGUA}=='ES'</arg>
<arg>xpath=//button[@class='btnLinkPopup'][contains(.,'No, gracias')]</arg>
<arg>xpath=//button[@class='btnLinkPopup'][contains(.,'No, thanks')]</arg>
</arguments>
<assign>
<var>${BtnCONTINUAROWPOPUP}</var>
</assign>
<msg timestamp="20200110 12:21:08.198" level="INFO">${BtnCONTINUAROWPOPUP} = xpath=//button[@class='btnLinkPopup'][contains(.,'No, gracias')]</msg>
<status status="PASS" starttime="20200110 12:21:08.197" endtime="20200110 12:21:08.198"></status>
</kw>
<kw name="Set Test Variable" library="BuiltIn">
<doc>Makes a variable available everywhere within the scope of the current test.</doc>
<arguments>
<arg>${BtnCONTINUAROWPOPUP}</arg>
</arguments>
<msg timestamp="20200110 12:21:08.200" level="INFO">${BtnCONTINUAROWPOPUP} = xpath=//button[@class='btnLinkPopup'][contains(.,'No, gracias')]</msg>
<status status="PASS" starttime="20200110 12:21:08.199" endtime="20200110 12:21:08.200"></status>
</kw>
<kw name="Set Variable If" library="BuiltIn">
<doc>Sets variable based on the given condition.</doc>
<arguments>
<arg>${LENGUA}=='ES'</arg>
<arg>xpath=//button[@class='btn btn-default'][contains(.,'Continuar')]</arg>
<arg>xpath=//button[@class='btn btn-default'][contains(.,'Continue')]</arg>
</arguments>
<assign>
<var>${BtnCONTINUAROW}</var>
</assign>
<msg timestamp="20200110 12:21:08.201" level="INFO">${BtnCONTINUAROW} = xpath=//button[@class='btn btn-default'][contains(.,'Continuar')]</msg>
<status status="PASS" starttime="20200110 12:21:08.200" endtime="20200110 12:21:08.201"></status>
</kw>
<kw name="Set Test Variable" library="BuiltIn">
<doc>Makes a variable available everywhere within the scope of the current test.</doc>
<arguments>
<arg>${BtnCONTINUAROW}</arg>
</arguments>
<msg timestamp="20200110 12:21:08.201" level="INFO">${BtnCONTINUAROW} = xpath=//button[@class='btn btn-default'][contains(.,'Continuar')]</msg>
<status status="PASS" starttime="20200110 12:21:08.201" endtime="20200110 12:21:08.201"></status>
</kw>
<status status="PASS" starttime="20200110 12:21:08.190" endtime="20200110 12:21:08.201"></status>
</kw>
<kw name="Asignar elementos Pagina pagos" library="4-Pagos">
<arguments>
<arg>${IDIOMA}</arg>
</arguments>
<kw name="Set Variable If" library="BuiltIn">
<doc>Sets variable based on the given condition.</doc>
<arguments>
<arg>${LENGUA}=='ES'</arg>
<arg>xpath=//p[contains(.,'Pagos en efectivo en Colombia, Ecuador, Panamá')]</arg>
<arg>xpath=//p[contains(.,'Cash payments in Colombia, Ecuador, Panama City')]</arg>
</arguments>
<assign>
<var>${ACORDEONEFECTIVO}</var>
</assign>
<msg timestamp="20200110 12:21:08.203" level="INFO">${ACORDEONEFECTIVO} = xpath=//p[contains(.,'Pagos en efectivo en Colombia, Ecuador, Panamá')]</msg>
<status status="PASS" starttime="20200110 12:21:08.202" endtime="20200110 12:21:08.203"></status>
</kw>
<kw name="Set Test Variable" library="BuiltIn">
<doc>Makes a variable available everywhere within the scope of the current test.</doc>
<arguments>
<arg>${ACORDEONEFECTIVO}</arg>
</arguments>
<msg timestamp="20200110 12:21:08.203" level="INFO">${ACORDEONEFECTIVO} = xpath=//p[contains(.,'Pagos en efectivo en Colombia, Ecuador, Panamá')]</msg>
<status status="PASS" starttime="20200110 12:21:08.203" endtime="20200110 12:21:08.203"></status>
</kw>
<kw name="Set Variable If" library="BuiltIn">
<doc>Sets variable based on the given condition.</doc>
<arguments>
<arg>${LENGUA}=='ES'</arg>
<arg>xpath=//label[contains(.,'Colombia - Bancos')]</arg>
<arg>xpath=//label[contains(.,'Colombia - Banks')]</arg>
</arguments>
<assign>
<var>${ChkEF}</var>
</assign>
<msg timestamp="20200110 12:21:08.204" level="INFO">${ChkEF} = xpath=//label[contains(.,'Colombia - Bancos')]</msg>
<status status="PASS" starttime="20200110 12:21:08.204" endtime="20200110 12:21:08.204"></status>
</kw>
<kw name="Set Test Variable" library="BuiltIn">
<doc>Makes a variable available everywhere within the scope of the current test.</doc>
<arguments>
<arg>${ChkEF}</arg>
</arguments>
<msg timestamp="20200110 12:21:08.204" level="INFO">${ChkEF} = xpath=//label[contains(.,'Colombia - Bancos')]</msg>
<status status="PASS" starttime="20200110 12:21:08.204" endtime="20200110 12:21:08.204"></status>
</kw>
<kw name="Set Variable If" library="BuiltIn">
<doc>Sets variable based on the given condition.</doc>
<arguments>
<arg>${LENGUA}=='ES'</arg>
<arg>tu recibo para pagar</arg>
<arg>This is your receipt to pay</arg>
</arguments>
<assign>
<var>${TXTCONFEF}</var>
</assign>
<msg timestamp="20200110 12:21:08.205" level="INFO">${TXTCONFEF} = tu recibo para pagar</msg>
<status status="PASS" starttime="20200110 12:21:08.205" endtime="20200110 12:21:08.205"></status>
</kw>
<kw name="Set Test Variable" library="BuiltIn">
<doc>Makes a variable available everywhere within the scope of the current test.</doc>
<arguments>
<arg>${TXTCONFEF}</arg>
</arguments>
<msg timestamp="20200110 12:21:08.205" level="INFO">${TXTCONFEF} = tu recibo para pagar</msg>
<status status="PASS" starttime="20200110 12:21:08.205" endtime="20200110 12:21:08.205"></status>
</kw>
<kw name="Set Variable If" library="BuiltIn">
<doc>Sets variable based on the given condition.</doc>
<arguments>
<arg>${LENGUA}=='ES'</arg>
<arg>xpath=//h3[contains(.,'Éste es el resumen de tu compra, verifícalo antes de pagar')]</arg>
<arg>xpath=//h3[contains(.,'This is the summary of your purchase, check it before paying')]</arg>
</arguments>
<assign>
<var>${FRAMEPSE}</var>
</assign>
<msg timestamp="20200110 12:21:08.206" level="INFO">${FRAMEPSE} = xpath=//h3[contains(.,'Éste es el resumen de tu compra, verifícalo antes de pagar')]</msg>
<status status="PASS" starttime="20200110 12:21:08.206" endtime="20200110 12:21:08.206"></status>
</kw>
<kw name="Set Test Variable" library="BuiltIn">
<doc>Makes a variable available everywhere within the scope of the current test.</doc>
<arguments>
<arg>${FRAMEPSE}</arg>
</arguments>
<msg timestamp="20200110 12:21:08.207" level="INFO">${FRAMEPSE} = xpath=//h3[contains(.,'Éste es el resumen de tu compra, verifícalo antes de pagar')]</msg>
<status status="PASS" starttime="20200110 12:21:08.206" endtime="20200110 12:21:08.207"></status>
</kw>
<kw name="Set Variable If" library="BuiltIn">
<doc>Sets variable based on the given condition.</doc>
<arguments>
<arg>${LENGUA}=='ES'</arg>
<arg>xpath=//button[@class='btn-continuar'][contains(.,'Pagar')]</arg>
<arg>xpath=//button[@class='btn-continuar'][contains(.,'Pay')]</arg>
</arguments>
<assign>
<var>${PAGARPSE}</var>
</assign>
<msg timestamp="20200110 12:21:08.207" level="INFO">${PAGARPSE} = xpath=//button[@class='btn-continuar'][contains(.,'Pagar')]</msg>
<status status="PASS" starttime="20200110 12:21:08.207" endtime="20200110 12:21:08.207"></status>
</kw>
<kw name="Set Test Variable" library="BuiltIn">
<doc>Makes a variable available everywhere within the scope of the current test.</doc>
<arguments>
<arg>${PAGARPSE}</arg>
</arguments>
<msg timestamp="20200110 12:21:08.207" level="INFO">${PAGARPSE} = xpath=//button[@class='btn-continuar'][contains(.,'Pagar')]</msg>
<status status="PASS" starttime="20200110 12:21:08.207" endtime="20200110 12:21:08.208"></status>
</kw>
<kw name="Set Variable If" library="BuiltIn">
<doc>Sets variable based on the given condition.</doc>
<arguments>
<arg>${LENGUA}=='ES'</arg>
<arg>xpath=(.//*[normalize-space(text()) and normalize-space(.)='Código de reserva'])[1]/following::span[1]</arg>
<arg>xpath=(.//*[normalize-space(text()) and normalize-space(.)='Reservation code'])[1]/following::span[1]</arg>
</arguments>
<assign>
<var>${LblPNRTC}</var>
</assign>
<msg timestamp="20200110 12:21:08.208" level="INFO">${LblPNRTC} = xpath=(.//*[normalize-space(text()) and normalize-space(.)='Código de reserva'])[1]/following::span[1]</msg>
<status status="PASS" starttime="20200110 12:21:08.208" endtime="20200110 12:21:08.208"></status>
</kw>
<kw name="Set Test Variable" library="BuiltIn">
<doc>Makes a variable available everywhere within the scope of the current test.</doc>
<arguments>
<arg>${LblPNRTC}</arg>
</arguments>
<msg timestamp="20200110 12:21:08.208" level="INFO">${LblPNRTC} = xpath=(.//*[normalize-space(text()) and normalize-space(.)='Código de reserva'])[1]/following::span[1]</msg>
<status status="PASS" starttime="20200110 12:21:08.208" endtime="20200110 12:21:08.208"></status>
</kw>
<status status="PASS" starttime="20200110 12:21:08.202" endtime="20200110 12:21:08.208"></status>
</kw>
<status status="PASS" starttime="20200110 12:20:44.370" endtime="20200110 12:21:08.209"></status>
</kw>
<kw name="Ingresar_tipo_vuelo" library="RecursosQA">
<arguments>
<arg>OW</arg>
</arguments>
<kw name="Set Test Variable" library="BuiltIn">
<doc>Makes a variable available everywhere within the scope of the current test.</doc>
<arguments>
<arg>${TVUELO}</arg>
</arguments>
<msg timestamp="20200110 12:21:08.211" level="INFO">${TVUELO} = OW</msg>
<status status="PASS" starttime="20200110 12:21:08.210" endtime="20200110 12:21:08.211"></status>
</kw>
<kw name="Run Keyword If" library="BuiltIn">
<doc>Runs the given keyword with the given arguments, if ``condition`` is true.</doc>
<arguments>
<arg>('${TVUELO}' == 'OW')</arg>
<arg>One_Way</arg>
</arguments>
<kw name="One_Way" library="RecursosQA">
<kw name="Click Element" library="SeleniumLibrary">
<doc>Click the element identified by ``locator``.</doc>
<arguments>
<arg>${ChkTVUELO}</arg>
</arguments>
<msg timestamp="20200110 12:21:08.213" level="INFO">Clicking element 'xpath=//div[@class='circle']'.</msg>
<status status="PASS" starttime="20200110 12:21:08.213" endtime="20200110 12:21:08.312"></status>
</kw>
<status status="PASS" starttime="20200110 12:21:08.212" endtime="20200110 12:21:08.312"></status>
</kw>
<status status="PASS" starttime="20200110 12:21:08.211" endtime="20200110 12:21:08.312"></status>
</kw>
<status status="PASS" starttime="20200110 12:21:08.209" endtime="20200110 12:21:08.312"></status>
</kw>
<kw name="Seleccionar_moneda" library="RecursosQA">
<arguments>
<arg>COP</arg>
</arguments>
<kw name="Run Keyword And Return Status" library="BuiltIn">
<doc>Runs the given keyword with given arguments and returns the status as a Boolean value.</doc>
<arguments>
<arg>Element Should Be Visible</arg>
<arg>${PopUpRutas}</arg>
</arguments>
<assign>
<var>${presentpr}</var>
</assign>
<kw name="Element Should Be Visible" library="SeleniumLibrary">
<doc>Verifies that the element identified by ``locator`` is visible.</doc>
<arguments>
<arg>${PopUpRutas}</arg>
</arguments>
<kw name="Capture Page Screenshot" library="SeleniumLibrary">
<doc>Takes a screenshot of the current page and embeds it into a log file.</doc>
<msg timestamp="20200110 12:21:08.883" level="INFO" html="yes">&lt;/td&gt;&lt;/tr&gt;&lt;tr&gt;&lt;td colspan="3"&gt;&lt;a href="selenium-screenshot-26.png"&gt;&lt;img src="selenium-screenshot-26.png" width="800px"&gt;&lt;/a&gt;</msg>
<status status="PASS" starttime="20200110 12:21:08.357" endtime="20200110 12:21:08.883"></status>
</kw>
<msg timestamp="20200110 12:21:08.884" level="FAIL">The element 'id=_wingocomponentsibenew_INSTANCE_ctyl_titleMessageIbe' should be visible, but it is not.</msg>
<status status="FAIL" starttime="20200110 12:21:08.313" endtime="20200110 12:21:08.884"></status>
</kw>
<msg timestamp="20200110 12:21:08.884" level="INFO">${presentpr} = False</msg>
<status status="PASS" starttime="20200110 12:21:08.313" endtime="20200110 12:21:08.884"></status>
</kw>
<kw name="Run Keyword If" library="BuiltIn">
<doc>Runs the given keyword with the given arguments, if ``condition`` is true.</doc>
<arguments>
<arg>${presentpr}</arg>
<arg>Click Element</arg>
<arg>${BtnPopUpRutas}</arg>
</arguments>
<status status="PASS" starttime="20200110 12:21:08.884" endtime="20200110 12:21:08.884"></status>
</kw>
<kw name="Click Element" library="SeleniumLibrary">
<doc>Click the element identified by ``locator``.</doc>
<arguments>
<arg>${SlcMONEDA}</arg>
</arguments>
<msg timestamp="20200110 12:21:08.885" level="INFO">Clicking element 'xpath=//div[@class='styledSelect styledSelectMoneda']'.</msg>
<status status="PASS" starttime="20200110 12:21:08.885" endtime="20200110 12:21:08.951"></status>
</kw>
<kw name="Capture Page Screenshot" library="SeleniumLibrary">
<doc>Takes a screenshot of the current page and embeds it into a log file.</doc>
<msg timestamp="20200110 12:21:09.423" level="INFO" html="yes">&lt;/td&gt;&lt;/tr&gt;&lt;tr&gt;&lt;td colspan="3"&gt;&lt;a href="selenium-screenshot-27.png"&gt;&lt;img src="selenium-screenshot-27.png" width="800px"&gt;&lt;/a&gt;</msg>
<status status="PASS" starttime="20200110 12:21:08.951" endtime="20200110 12:21:09.423"></status>
</kw>
<kw name="Run Keyword If" library="BuiltIn">
<doc>Runs the given keyword with the given arguments, if ``condition`` is true.</doc>
<arguments>
<arg>('${MONEDA}'== 'COP')</arg>
<arg>Click Element</arg>
<arg>${MONEDACOP}</arg>
</arguments>
<kw name="Click Element" library="SeleniumLibrary">
<doc>Click the element identified by ``locator``.</doc>
<arguments>
<arg>${MONEDACOP}</arg>
</arguments>
<msg timestamp="20200110 12:21:09.424" level="INFO">Clicking element 'xpath=//li[contains(.,'Peso Colombiano (COP)')]'.</msg>
<status status="PASS" starttime="20200110 12:21:09.424" endtime="20200110 12:21:09.499"></status>
</kw>
<status status="PASS" starttime="20200110 12:21:09.423" endtime="20200110 12:21:09.499"></status>
</kw>
<kw name="Run Keyword If" library="BuiltIn">
<doc>Runs the given keyword with the given arguments, if ``condition`` is true.</doc>
<arguments>
<arg>('${MONEDA}'== 'USD')</arg>
<arg>Click Element</arg>
<arg>${MONEDAUSD}</arg>
</arguments>
<status status="PASS" starttime="20200110 12:21:09.500" endtime="20200110 12:21:09.500"></status>
</kw>
<kw name="Run Keyword And Return Status" library="BuiltIn">
<doc>Runs the given keyword with given arguments and returns the status as a Boolean value.</doc>
<arguments>
<arg>Element Should Be Visible</arg>
<arg>${PopUpRutas}</arg>
</arguments>
<assign>
<var>${presentpr}</var>
</assign>
<kw name="Element Should Be Visible" library="SeleniumLibrary">
<doc>Verifies that the element identified by ``locator`` is visible.</doc>
<arguments>
<arg>${PopUpRutas}</arg>
</arguments>
<kw name="Capture Page Screenshot" library="SeleniumLibrary">
<doc>Takes a screenshot of the current page and embeds it into a log file.</doc>
<msg timestamp="20200110 12:21:09.926" level="INFO" html="yes">&lt;/td&gt;&lt;/tr&gt;&lt;tr&gt;&lt;td colspan="3"&gt;&lt;a href="selenium-screenshot-28.png"&gt;&lt;img src="selenium-screenshot-28.png" width="800px"&gt;&lt;/a&gt;</msg>
<status status="PASS" starttime="20200110 12:21:09.522" endtime="20200110 12:21:09.926"></status>
</kw>
<msg timestamp="20200110 12:21:09.927" level="FAIL">The element 'id=_wingocomponentsibenew_INSTANCE_ctyl_titleMessageIbe' should be visible, but it is not.</msg>
<status status="FAIL" starttime="20200110 12:21:09.502" endtime="20200110 12:21:09.927"></status>
</kw>
<msg timestamp="20200110 12:21:09.927" level="INFO">${presentpr} = False</msg>
<status status="PASS" starttime="20200110 12:21:09.501" endtime="20200110 12:21:09.927"></status>
</kw>
<kw name="Run Keyword If" library="BuiltIn">
<doc>Runs the given keyword with the given arguments, if ``condition`` is true.</doc>
<arguments>
<arg>${presentpr}</arg>
<arg>Click Element</arg>
<arg>${BtnPopUpRutas}</arg>
</arguments>
<status status="PASS" starttime="20200110 12:21:09.927" endtime="20200110 12:21:09.928"></status>
</kw>
<status status="PASS" starttime="20200110 12:21:08.312" endtime="20200110 12:21:09.928"></status>
</kw>
<kw name="Ingresa_Pasajeros" library="RecursosQA">
<arguments>
<arg>14</arg>
<arg>0</arg>
<arg>0</arg>
</arguments>
<kw name="Click Element" library="SeleniumLibrary">
<doc>Click the element identified by ``locator``.</doc>
<arguments>
<arg>${SltPASAJEROS}</arg>
</arguments>
<msg timestamp="20200110 12:21:09.929" level="INFO">Clicking element 'xpath=//span[@class='info-select']'.</msg>
<status status="PASS" starttime="20200110 12:21:09.929" endtime="20200110 12:21:09.999"></status>
</kw>
<kw name="Evaluate" library="BuiltIn">
<doc>Evaluates the given expression in Python and returns the results.</doc>
<arguments>
<arg>${NUMADULTOS}-1</arg>
</arguments>
<assign>
<var>${NUMADULTOS}</var>
</assign>
<msg timestamp="20200110 12:21:09.999" level="INFO">${NUMADULTOS} = 13</msg>
<status status="PASS" starttime="20200110 12:21:09.999" endtime="20200110 12:21:09.999"></status>
</kw>
<kw name="Evaluate" library="BuiltIn">
<doc>Evaluates the given expression in Python and returns the results.</doc>
<arguments>
<arg>${NUMINFANTES} &gt; 0</arg>
</arguments>
<assign>
<var>${TIENEINFANTES}</var>
</assign>
<msg timestamp="20200110 12:21:10.000" level="INFO">${TIENEINFANTES} = False</msg>
<status status="PASS" starttime="20200110 12:21:09.999" endtime="20200110 12:21:10.000"></status>
</kw>
<kw name="Run Keyword If" library="BuiltIn">
<doc>Runs the given keyword with the given arguments, if ``condition`` is true.</doc>
<arguments>
<arg>('${TIENEINFANTES}' == 'False')</arg>
<arg>Set Test Variable</arg>
<arg>${HAYINFANTES}</arg>
<arg>No</arg>
</arguments>
<kw name="Set Test Variable" library="BuiltIn">
<doc>Makes a variable available everywhere within the scope of the current test.</doc>
<arguments>
<arg>${HAYINFANTES}</arg>
<arg>No</arg>
</arguments>
<msg timestamp="20200110 12:21:10.004" level="INFO">${HAYINFANTES} = No</msg>
<status status="PASS" starttime="20200110 12:21:10.000" endtime="20200110 12:21:10.004"></status>
</kw>
<status status="PASS" starttime="20200110 12:21:10.000" endtime="20200110 12:21:10.004"></status>
</kw>
<kw name="Run Keyword If" library="BuiltIn">
<doc>Runs the given keyword with the given arguments, if ``condition`` is true.</doc>
<arguments>
<arg>('${TIENEINFANTES}' == 'True')</arg>
<arg>Set Test Variable</arg>
<arg>${HAYINFANTES}</arg>
<arg>Si</arg>
</arguments>
<status status="PASS" starttime="20200110 12:21:10.004" endtime="20200110 12:21:10.004"></status>
</kw>
<kw name="Repeat Keyword" library="BuiltIn">
<doc>Executes the specified keyword multiple times.</doc>
<arguments>
<arg>${NUMADULTOS}</arg>
<arg>Click Element</arg>
<arg>${ADULTOS}</arg>
</arguments>
<msg timestamp="20200110 12:21:10.005" level="INFO">Repeating keyword, round 1/13.</msg>
<kw name="Click Element" library="SeleniumLibrary">
<doc>Click the element identified by ``locator``.</doc>
<arguments>
<arg>${ADULTOS}</arg>
</arguments>
<msg timestamp="20200110 12:21:10.005" level="INFO">Clicking element 'xpath=(//div[contains(@class,'plus')])[1]'.</msg>
<status status="PASS" starttime="20200110 12:21:10.005" endtime="20200110 12:21:10.075"></status>
</kw>
<msg timestamp="20200110 12:21:10.075" level="INFO">Repeating keyword, round 2/13.</msg>
<kw name="Click Element" library="SeleniumLibrary">
<doc>Click the element identified by ``locator``.</doc>
<arguments>
<arg>${ADULTOS}</arg>
</arguments>
<msg timestamp="20200110 12:21:10.076" level="INFO">Clicking element 'xpath=(//div[contains(@class,'plus')])[1]'.</msg>
<status status="PASS" starttime="20200110 12:21:10.076" endtime="20200110 12:21:10.124"></status>
</kw>
<msg timestamp="20200110 12:21:10.124" level="INFO">Repeating keyword, round 3/13.</msg>
<kw name="Click Element" library="SeleniumLibrary">
<doc>Click the element identified by ``locator``.</doc>
<arguments>
<arg>${ADULTOS}</arg>
</arguments>
<msg timestamp="20200110 12:21:10.125" level="INFO">Clicking element 'xpath=(//div[contains(@class,'plus')])[1]'.</msg>
<status status="PASS" starttime="20200110 12:21:10.124" endtime="20200110 12:21:10.175"></status>
</kw>
<msg timestamp="20200110 12:21:10.175" level="INFO">Repeating keyword, round 4/13.</msg>
<kw name="Click Element" library="SeleniumLibrary">
<doc>Click the element identified by ``locator``.</doc>
<arguments>
<arg>${ADULTOS}</arg>
</arguments>
<msg timestamp="20200110 12:21:10.175" level="INFO">Clicking element 'xpath=(//div[contains(@class,'plus')])[1]'.</msg>
<status status="PASS" starttime="20200110 12:21:10.175" endtime="20200110 12:21:10.224"></status>
</kw>
<msg timestamp="20200110 12:21:10.224" level="INFO">Repeating keyword, round 5/13.</msg>
<kw name="Click Element" library="SeleniumLibrary">
<doc>Click the element identified by ``locator``.</doc>
<arguments>
<arg>${ADULTOS}</arg>
</arguments>
<msg timestamp="20200110 12:21:10.225" level="INFO">Clicking element 'xpath=(//div[contains(@class,'plus')])[1]'.</msg>
<status status="PASS" starttime="20200110 12:21:10.224" endtime="20200110 12:21:10.276"></status>
</kw>
<msg timestamp="20200110 12:21:10.277" level="INFO">Repeating keyword, round 6/13.</msg>
<kw name="Click Element" library="SeleniumLibrary">
<doc>Click the element identified by ``locator``.</doc>
<arguments>
<arg>${ADULTOS}</arg>
</arguments>
<msg timestamp="20200110 12:21:10.277" level="INFO">Clicking element 'xpath=(//div[contains(@class,'plus')])[1]'.</msg>
<status status="PASS" starttime="20200110 12:21:10.277" endtime="20200110 12:21:10.323"></status>
</kw>
<msg timestamp="20200110 12:21:10.323" level="INFO">Repeating keyword, round 7/13.</msg>
<kw name="Click Element" library="SeleniumLibrary">
<doc>Click the element identified by ``locator``.</doc>
<arguments>
<arg>${ADULTOS}</arg>
</arguments>
<msg timestamp="20200110 12:21:10.323" level="INFO">Clicking element 'xpath=(//div[contains(@class,'plus')])[1]'.</msg>
<status status="PASS" starttime="20200110 12:21:10.323" endtime="20200110 12:21:10.373"></status>
</kw>
<msg timestamp="20200110 12:21:10.373" level="INFO">Repeating keyword, round 8/13.</msg>
<kw name="Click Element" library="SeleniumLibrary">
<doc>Click the element identified by ``locator``.</doc>
<arguments>
<arg>${ADULTOS}</arg>
</arguments>
<msg timestamp="20200110 12:21:10.374" level="INFO">Clicking element 'xpath=(//div[contains(@class,'plus')])[1]'.</msg>
<status status="PASS" starttime="20200110 12:21:10.374" endtime="20200110 12:21:10.431"></status>
</kw>
<msg timestamp="20200110 12:21:10.431" level="INFO">Repeating keyword, round 9/13.</msg>
<kw name="Click Element" library="SeleniumLibrary">
<doc>Click the element identified by ``locator``.</doc>
<arguments>
<arg>${ADULTOS}</arg>
</arguments>
<msg timestamp="20200110 12:21:10.431" level="INFO">Clicking element 'xpath=(//div[contains(@class,'plus')])[1]'.</msg>
<status status="PASS" starttime="20200110 12:21:10.431" endtime="20200110 12:21:10.488"></status>
</kw>
<msg timestamp="20200110 12:21:10.488" level="INFO">Repeating keyword, round 10/13.</msg>
<kw name="Click Element" library="SeleniumLibrary">
<doc>Click the element identified by ``locator``.</doc>
<arguments>
<arg>${ADULTOS}</arg>
</arguments>
<msg timestamp="20200110 12:21:10.489" level="INFO">Clicking element 'xpath=(//div[contains(@class,'plus')])[1]'.</msg>
<status status="PASS" starttime="20200110 12:21:10.489" endtime="20200110 12:21:10.540"></status>
</kw>
<msg timestamp="20200110 12:21:10.540" level="INFO">Repeating keyword, round 11/13.</msg>
<kw name="Click Element" library="SeleniumLibrary">
<doc>Click the element identified by ``locator``.</doc>
<arguments>
<arg>${ADULTOS}</arg>
</arguments>
<msg timestamp="20200110 12:21:10.541" level="INFO">Clicking element 'xpath=(//div[contains(@class,'plus')])[1]'.</msg>
<status status="PASS" starttime="20200110 12:21:10.540" endtime="20200110 12:21:10.589"></status>
</kw>
<msg timestamp="20200110 12:21:10.589" level="INFO">Repeating keyword, round 12/13.</msg>
<kw name="Click Element" library="SeleniumLibrary">
<doc>Click the element identified by ``locator``.</doc>
<arguments>
<arg>${ADULTOS}</arg>
</arguments>
<msg timestamp="20200110 12:21:10.590" level="INFO">Clicking element 'xpath=(//div[contains(@class,'plus')])[1]'.</msg>
<status status="PASS" starttime="20200110 12:21:10.590" endtime="20200110 12:21:10.639"></status>
</kw>
<msg timestamp="20200110 12:21:10.639" level="INFO">Repeating keyword, round 13/13.</msg>
<kw name="Click Element" library="SeleniumLibrary">
<doc>Click the element identified by ``locator``.</doc>
<arguments>
<arg>${ADULTOS}</arg>
</arguments>
<msg timestamp="20200110 12:21:10.639" level="INFO">Clicking element 'xpath=(//div[contains(@class,'plus')])[1]'.</msg>
<status status="PASS" starttime="20200110 12:21:10.639" endtime="20200110 12:21:10.690"></status>
</kw>
<status status="PASS" starttime="20200110 12:21:10.004" endtime="20200110 12:21:10.690"></status>
</kw>
<kw name="Repeat Keyword" library="BuiltIn">
<doc>Executes the specified keyword multiple times.</doc>
<arguments>
<arg>${NUMNINOS}</arg>
<arg>Click Element</arg>
<arg>${NINOS}</arg>
</arguments>
<msg timestamp="20200110 12:21:10.691" level="INFO">Keyword 'Click Element' repeated zero times.</msg>
<status status="PASS" starttime="20200110 12:21:10.691" endtime="20200110 12:21:10.691"></status>
</kw>
<kw name="Repeat Keyword" library="BuiltIn">
<doc>Executes the specified keyword multiple times.</doc>
<arguments>
<arg>${NUMINFANTES}</arg>
<arg>Click Element</arg>
<arg>${INFANTES}</arg>
</arguments>
<msg timestamp="20200110 12:21:10.691" level="INFO">Keyword 'Click Element' repeated zero times.</msg>
<status status="PASS" starttime="20200110 12:21:10.691" endtime="20200110 12:21:10.691"></status>
</kw>
<kw name="Evaluate" library="BuiltIn">
<doc>Evaluates the given expression in Python and returns the results.</doc>
<arguments>
<arg>${NUMADULTOS}+2</arg>
</arguments>
<assign>
<var>${NUMADULTOS}</var>
</assign>
<msg timestamp="20200110 12:21:10.692" level="INFO">${NUMADULTOS} = 15</msg>
<status status="PASS" starttime="20200110 12:21:10.691" endtime="20200110 12:21:10.692"></status>
</kw>
<kw name="Set Test Variable" library="BuiltIn">
<doc>Makes a variable available everywhere within the scope of the current test.</doc>
<arguments>
<arg>${NUMADULTOS}</arg>
</arguments>
<msg timestamp="20200110 12:21:10.692" level="INFO">${NUMADULTOS} = 15</msg>
<status status="PASS" starttime="20200110 12:21:10.692" endtime="20200110 12:21:10.692"></status>
</kw>
<kw name="Set Test Variable" library="BuiltIn">
<doc>Makes a variable available everywhere within the scope of the current test.</doc>
<arguments>
<arg>${NUMNINOS}</arg>
</arguments>
<msg timestamp="20200110 12:21:10.692" level="INFO">${NUMNINOS} = 0</msg>
<status status="PASS" starttime="20200110 12:21:10.692" endtime="20200110 12:21:10.692"></status>
</kw>
<kw name="Set Test Variable" library="BuiltIn">
<doc>Makes a variable available everywhere within the scope of the current test.</doc>
<arguments>
<arg>${NUMINFANTES}</arg>
</arguments>
<msg timestamp="20200110 12:21:10.693" level="INFO">${NUMINFANTES} = 0</msg>
<status status="PASS" starttime="20200110 12:21:10.693" endtime="20200110 12:21:10.693"></status>
</kw>
<kw name="Set Test Variable" library="BuiltIn">
<doc>Makes a variable available everywhere within the scope of the current test.</doc>
<arguments>
<arg>${TIENEINFANTES}</arg>
</arguments>
<msg timestamp="20200110 12:21:10.693" level="INFO">${TIENEINFANTES} = False</msg>
<status status="PASS" starttime="20200110 12:21:10.693" endtime="20200110 12:21:10.693"></status>
</kw>
<status status="PASS" starttime="20200110 12:21:09.928" endtime="20200110 12:21:10.693"></status>
</kw>
<kw name="Ingresar_lugares" library="RecursosQA">
<arguments>
<arg>BOG</arg>
<arg>BLB</arg>
</arguments>
<kw name="Replace String" library="String">
<doc>Replaces ``search_for`` in the given ``string`` with ``replace_with``.</doc>
<arguments>
<arg>${CiuORIGEN}</arg>
<arg>XXX</arg>
<arg>${ORIGEN}</arg>
</arguments>
<assign>
<var>${CiuORIGEN}</var>
</assign>
<msg timestamp="20200110 12:21:10.696" level="INFO">${CiuORIGEN} = xpath=//li[contains(@data-cod,'BOG')]</msg>
<status status="PASS" starttime="20200110 12:21:10.695" endtime="20200110 12:21:10.696"></status>
</kw>
<kw name="Replace String" library="String">
<doc>Replaces ``search_for`` in the given ``string`` with ``replace_with``.</doc>
<arguments>
<arg>${CiuDESTINO}</arg>
<arg>XXX</arg>
<arg>${DESTINO}</arg>
</arguments>
<assign>
<var>${CiuDESTINO}</var>
</assign>
<msg timestamp="20200110 12:21:10.696" level="INFO">${CiuDESTINO} = xpath=(//li[@data-cod='BLB'])[2]</msg>
<status status="PASS" starttime="20200110 12:21:10.696" endtime="20200110 12:21:10.696"></status>
</kw>
<kw name="Set Test Variable" library="BuiltIn">
<doc>Makes a variable available everywhere within the scope of the current test.</doc>
<arguments>
<arg>${TIPORUTA}</arg>
<arg>D</arg>
</arguments>
<msg timestamp="20200110 12:21:10.699" level="INFO">${TIPORUTA} = D</msg>
<status status="PASS" starttime="20200110 12:21:10.696" endtime="20200110 12:21:10.699"></status>
</kw>
<kw name="Run Keyword If" library="BuiltIn">
<doc>Runs the given keyword with the given arguments, if ``condition`` is true.</doc>
<arguments>
<arg>$DESTINO in $VINTERNACIONALES</arg>
<arg>Asignar_tipo_de_ruta</arg>
<arg>I</arg>
</arguments>
<kw name="Asignar_tipo_de_ruta" library="RecursosQA">
<arguments>
<arg>I</arg>
</arguments>
<kw name="Set Test Variable" library="BuiltIn">
<doc>Makes a variable available everywhere within the scope of the current test.</doc>
<arguments>
<arg>${TIPORUTA}</arg>
<arg>${ESRUTA}</arg>
</arguments>
<msg timestamp="20200110 12:21:10.706" level="INFO">${TIPORUTA} = I</msg>
<status status="PASS" starttime="20200110 12:21:10.706" endtime="20200110 12:21:10.706"></status>
</kw>
<status status="PASS" starttime="20200110 12:21:10.705" endtime="20200110 12:21:10.706"></status>
</kw>
<status status="PASS" starttime="20200110 12:21:10.699" endtime="20200110 12:21:10.706"></status>
</kw>
<kw name="Run Keyword If" library="BuiltIn">
<doc>Runs the given keyword with the given arguments, if ``condition`` is true.</doc>
<arguments>
<arg>$ORIGEN in $VINTERNACIONALES</arg>
<arg>Asignar_tipo_de_ruta</arg>
<arg>I</arg>
</arguments>
<status status="PASS" starttime="20200110 12:21:10.706" endtime="20200110 12:21:10.708"></status>
</kw>
<kw name="Click Element" library="SeleniumLibrary">
<doc>Click the element identified by ``locator``.</doc>
<arguments>
<arg>${SltDESDE}</arg>
</arguments>
<msg timestamp="20200110 12:21:10.709" level="INFO">Clicking element 'xpath=//div[@class='styledSelect styledSelectOrigen']'.</msg>
<status status="PASS" starttime="20200110 12:21:10.709" endtime="20200110 12:21:10.787"></status>
</kw>
<kw name="Input Text" library="SeleniumLibrary">
<doc>Types the given ``text`` into the text field identified by ``locator``.</doc>
<arguments>
<arg>${TxtORIGEN}</arg>
<arg>${ORIGEN}</arg>
</arguments>
<msg timestamp="20200110 12:21:10.787" level="INFO">Typing text 'BOG' into text field 'id=_wingocomponentsibenew_INSTANCE_ctyl_inputOrigen'.</msg>
<status status="PASS" starttime="20200110 12:21:10.787" endtime="20200110 12:21:10.892"></status>
</kw>
<kw name="Click Element" library="SeleniumLibrary">
<doc>Click the element identified by ``locator``.</doc>
<arguments>
<arg>${CiuORIGEN}</arg>
</arguments>
<msg timestamp="20200110 12:21:10.892" level="INFO">Clicking element 'xpath=//li[contains(@data-cod,'BOG')]'.</msg>
<status status="PASS" starttime="20200110 12:21:10.892" endtime="20200110 12:21:10.992"></status>
</kw>
<kw name="Input Text" library="SeleniumLibrary">
<doc>Types the given ``text`` into the text field identified by ``locator``.</doc>
<arguments>
<arg>${SltDESTINO}</arg>
<arg>${DESTINO}</arg>
</arguments>
<msg timestamp="20200110 12:21:10.993" level="INFO">Typing text 'BLB' into text field 'xpath=//input[@class='searchSelect searchSelectIbeD'][contains(@id,'inputDestino')]'.</msg>
<status status="PASS" starttime="20200110 12:21:10.992" endtime="20200110 12:21:11.107"></status>
</kw>
<kw name="Click Element" library="SeleniumLibrary">
<doc>Click the element identified by ``locator``.</doc>
<arguments>
<arg>${CiuDESTINO}</arg>
</arguments>
<msg timestamp="20200110 12:21:11.108" level="INFO">Clicking element 'xpath=(//li[@data-cod='BLB'])[2]'.</msg>
<status status="PASS" starttime="20200110 12:21:11.107" endtime="20200110 12:21:11.191"></status>
</kw>
<kw name="valida pop up rutas" library="RecursosQA">
<kw name="Run Keyword And Return Status" library="BuiltIn">
<doc>Runs the given keyword with given arguments and returns the status as a Boolean value.</doc>
<arguments>
<arg>Element Should Be Visible</arg>
<arg>${PopUpRutas}</arg>
</arguments>
<assign>
<var>${presentpr}</var>
</assign>
<kw name="Element Should Be Visible" library="SeleniumLibrary">
<doc>Verifies that the element identified by ``locator`` is visible.</doc>
<arguments>
<arg>${PopUpRutas}</arg>
</arguments>
<kw name="Capture Page Screenshot" library="SeleniumLibrary">
<doc>Takes a screenshot of the current page and embeds it into a log file.</doc>
<msg timestamp="20200110 12:21:11.636" level="INFO" html="yes">&lt;/td&gt;&lt;/tr&gt;&lt;tr&gt;&lt;td colspan="3"&gt;&lt;a href="selenium-screenshot-29.png"&gt;&lt;img src="selenium-screenshot-29.png" width="800px"&gt;&lt;/a&gt;</msg>
<status status="PASS" starttime="20200110 12:21:11.214" endtime="20200110 12:21:11.636"></status>
</kw>
<msg timestamp="20200110 12:21:11.637" level="FAIL">The element 'id=_wingocomponentsibenew_INSTANCE_ctyl_titleMessageIbe' should be visible, but it is not.</msg>
<status status="FAIL" starttime="20200110 12:21:11.192" endtime="20200110 12:21:11.637"></status>
</kw>
<msg timestamp="20200110 12:21:11.637" level="INFO">${presentpr} = False</msg>
<status status="PASS" starttime="20200110 12:21:11.192" endtime="20200110 12:21:11.637"></status>
</kw>
<kw name="Run Keyword If" library="BuiltIn">
<doc>Runs the given keyword with the given arguments, if ``condition`` is true.</doc>
<arguments>
<arg>${presentpr}</arg>
<arg>Click Element</arg>
<arg>${BtnPopUpRutas}</arg>
</arguments>
<status status="PASS" starttime="20200110 12:21:11.637" endtime="20200110 12:21:11.637"></status>
</kw>
<status status="PASS" starttime="20200110 12:21:11.191" endtime="20200110 12:21:11.637"></status>
</kw>
<status status="PASS" starttime="20200110 12:21:10.694" endtime="20200110 12:21:11.638"></status>
</kw>
<kw name="Sleep" library="BuiltIn">
<doc>Pauses the test executed for the given time.</doc>
<arguments>
<arg>1s</arg>
</arguments>
<msg timestamp="20200110 12:21:12.639" level="INFO">Slept 1 second</msg>
<status status="PASS" starttime="20200110 12:21:11.638" endtime="20200110 12:21:12.639"></status>
</kw>
<kw name="Seleccionar_Fechas" library="RecursosQA">
<arguments>
<arg>2020-03-24</arg>
<arg>2019-12-28</arg>
</arguments>
<kw name="Convert Date" library="DateTime">
<doc>Converts between supported `date formats`.</doc>
<arguments>
<arg>${FECHAIDA}</arg>
<arg>datetime</arg>
</arguments>
<assign>
<var>${FECHAIDA}</var>
</assign>
<msg timestamp="20200110 12:21:12.642" level="INFO">${FECHAIDA} = 2020-03-24 00:00:00</msg>
<status status="PASS" starttime="20200110 12:21:12.640" endtime="20200110 12:21:12.643"></status>
</kw>
<kw name="Set Variable" library="BuiltIn">
<doc>Returns the given values which can then be assigned to a variables.</doc>
<arguments>
<arg>${FECHAIDA.year}</arg>
</arguments>
<assign>
<var>${ANOPARTIDA}</var>
</assign>
<msg timestamp="20200110 12:21:12.643" level="INFO">${ANOPARTIDA} = 2020</msg>
<status status="PASS" starttime="20200110 12:21:12.643" endtime="20200110 12:21:12.643"></status>
</kw>
<kw name="Convert To String" library="BuiltIn">
<doc>Converts the given item to a Unicode string.</doc>
<arguments>
<arg>${ANOPARTIDA}</arg>
</arguments>
<assign>
<var>${ANOPARTIDA}</var>
</assign>
<msg timestamp="20200110 12:21:12.644" level="INFO">${ANOPARTIDA} = 2020</msg>
<status status="PASS" starttime="20200110 12:21:12.643" endtime="20200110 12:21:12.644"></status>
</kw>
<kw name="Set Variable" library="BuiltIn">
<doc>Returns the given values which can then be assigned to a variables.</doc>
<arguments>
<arg>${FECHAIDA.month}</arg>
</arguments>
<assign>
<var>${MESPARTIDA}</var>
</assign>
<msg timestamp="20200110 12:21:12.644" level="INFO">${MESPARTIDA} = 3</msg>
<status status="PASS" starttime="20200110 12:21:12.644" endtime="20200110 12:21:12.644"></status>
</kw>
<kw name="Convert To String" library="BuiltIn">
<doc>Converts the given item to a Unicode string.</doc>
<arguments>
<arg>${MESPARTIDA}</arg>
</arguments>
<assign>
<var>${MESPARTIDA}</var>
</assign>
<msg timestamp="20200110 12:21:12.645" level="INFO">${MESPARTIDA} = 3</msg>
<status status="PASS" starttime="20200110 12:21:12.644" endtime="20200110 12:21:12.645"></status>
</kw>
<kw name="Run Keyword If" library="BuiltIn">
<doc>Runs the given keyword with the given arguments, if ``condition`` is true.</doc>
<arguments>
<arg>(${IDIOMA} == 'EN')</arg>
<arg>set test variable</arg>
<arg>${IDIOMAMES}</arg>
<arg>${MESES.MESESEN}</arg>
</arguments>
<status status="PASS" starttime="20200110 12:21:12.645" endtime="20200110 12:21:12.647"></status>
</kw>
<kw name="Run Keyword If" library="BuiltIn">
<doc>Runs the given keyword with the given arguments, if ``condition`` is true.</doc>
<arguments>
<arg>(${IDIOMA} == 'ES')</arg>
<arg>set test variable</arg>
<arg>${IDIOMAMES}</arg>
<arg>${MESES.MESESES}</arg>
</arguments>
<kw name="Set Test Variable" library="BuiltIn">
<doc>Makes a variable available everywhere within the scope of the current test.</doc>
<arguments>
<arg>${IDIOMAMES}</arg>
<arg>${MESES.MESESES}</arg>
</arguments>
<msg timestamp="20200110 12:21:12.650" level="INFO">${IDIOMAMES} = {'1': 'Enero', '2': 'Febrero', '3': 'Marzo', '4': 'Abril', '5': 'Mayo', '6': 'Junio', '7': 'Julio', '8': 'Agosto', '9': 'Septiembre', '10': 'Octubre', '11': 'Noviembre', '12': 'Diciembre'}</msg>
<status status="PASS" starttime="20200110 12:21:12.648" endtime="20200110 12:21:12.651"></status>
</kw>
<status status="PASS" starttime="20200110 12:21:12.647" endtime="20200110 12:21:12.651"></status>
</kw>
<kw name="Get From Dictionary" library="Collections">
<doc>Returns a value from the given ``dictionary`` based on the given ``key``.</doc>
<arguments>
<arg>${IDIOMAMES}</arg>
<arg>${MESPARTIDA}</arg>
</arguments>
<assign>
<var>${MESPARTIDA}</var>
</assign>
<msg timestamp="20200110 12:21:12.651" level="INFO">${MESPARTIDA} = Marzo</msg>
<status status="PASS" starttime="20200110 12:21:12.651" endtime="20200110 12:21:12.651"></status>
</kw>
<kw name="Set Variable" library="BuiltIn">
<doc>Returns the given values which can then be assigned to a variables.</doc>
<arguments>
<arg>${FECHAIDA.day}</arg>
</arguments>
<assign>
<var>${DIAPARTIDA}</var>
</assign>
<msg timestamp="20200110 12:21:12.651" level="INFO">${DIAPARTIDA} = 24</msg>
<status status="PASS" starttime="20200110 12:21:12.651" endtime="20200110 12:21:12.651"></status>
</kw>
<kw name="Get From Dictionary" library="Collections">
<doc>Returns a value from the given ``dictionary`` based on the given ``key``.</doc>
<arguments>
<arg>${SUMAFECHA}</arg>
<arg>${MESPARTIDA}</arg>
</arguments>
<assign>
<var>${SUMA}</var>
</assign>
<msg timestamp="20200110 12:21:12.652" level="INFO">${SUMA} = 6</msg>
<status status="PASS" starttime="20200110 12:21:12.652" endtime="20200110 12:21:12.652"></status>
</kw>
<kw name="Evaluate" library="BuiltIn">
<doc>Evaluates the given expression in Python and returns the results.</doc>
<arguments>
<arg>${DIAPARTIDA} + ${SUMA}</arg>
</arguments>
<assign>
<var>${DIAPARTIDA}</var>
</assign>
<msg timestamp="20200110 12:21:12.652" level="INFO">${DIAPARTIDA} = 30</msg>
<status status="PASS" starttime="20200110 12:21:12.652" endtime="20200110 12:21:12.652"></status>
</kw>
<kw name="Wait Until Element Is Visible" library="SeleniumLibrary">
<doc>Waits until the element ``locator`` is visible.</doc>
<arguments>
<arg>${SltFECHAIDA}</arg>
</arguments>
<status status="PASS" starttime="20200110 12:21:12.652" endtime="20200110 12:21:12.682"></status>
</kw>
<kw name="Click Element" library="SeleniumLibrary">
<doc>Click the element identified by ``locator``.</doc>
<arguments>
<arg>${SltFECHAIDA}</arg>
</arguments>
<msg timestamp="20200110 12:21:12.682" level="INFO">Clicking element 'xpath=//div[@class='info-airport info-airport-ida']'.</msg>
<status status="PASS" starttime="20200110 12:21:12.682" endtime="20200110 12:21:12.769"></status>
</kw>
<kw name="Select From List By Label" library="SeleniumLibrary">
<doc>Selects options from selection list ``locator`` by ``labels``.</doc>
<arguments>
<arg>${SlcANOPARTIDA}</arg>
<arg>${ANOPARTIDA}</arg>
</arguments>
<msg timestamp="20200110 12:21:12.769" level="INFO">Selecting options from selection list 'xpath=(//select[contains(@class,'year')])[1]' by label 2020.</msg>
<status status="PASS" starttime="20200110 12:21:12.769" endtime="20200110 12:21:12.827"></status>
</kw>
<kw name="Select From List By Label" library="SeleniumLibrary">
<doc>Selects options from selection list ``locator`` by ``labels``.</doc>
<arguments>
<arg>${MESIDA}</arg>
<arg>${MESPARTIDA}</arg>
</arguments>
<msg timestamp="20200110 12:21:12.828" level="INFO">Selecting options from selection list 'xpath=(//select[@class='month'])[1]' by label Marzo.</msg>
<status status="PASS" starttime="20200110 12:21:12.828" endtime="20200110 12:21:12.964"></status>
</kw>
<kw name="Convert To String" library="BuiltIn">
<doc>Converts the given item to a Unicode string.</doc>
<arguments>
<arg>${DIAPARTIDA}</arg>
</arguments>
<assign>
<var>${DIAPARTIDA}</var>
</assign>
<msg timestamp="20200110 12:21:12.964" level="INFO">${DIAPARTIDA} = 30</msg>
<status status="PASS" starttime="20200110 12:21:12.964" endtime="20200110 12:21:12.964"></status>
</kw>
<kw name="Replace String" library="String">
<doc>Replaces ``search_for`` in the given ``string`` with ``replace_with``.</doc>
<arguments>
<arg>${DtePARTIDA}</arg>
<arg>XXX</arg>
<arg>${DIAPARTIDA}</arg>
</arguments>
<assign>
<var>${DtePARTIDA}</var>
</assign>
<msg timestamp="20200110 12:21:12.965" level="INFO">${DtePARTIDA} = xpath=(.//*[normalize-space(text()) and normalize-space(.)='Do'])[1]/following::div[30]</msg>
<status status="PASS" starttime="20200110 12:21:12.965" endtime="20200110 12:21:12.965"></status>
</kw>
<kw name="Click Element" library="SeleniumLibrary">
<doc>Click the element identified by ``locator``.</doc>
<arguments>
<arg>${DtePARTIDA}</arg>
</arguments>
<msg timestamp="20200110 12:21:12.965" level="INFO">Clicking element 'xpath=(.//*[normalize-space(text()) and normalize-space(.)='Do'])[1]/following::div[30]'.</msg>
<status status="PASS" starttime="20200110 12:21:12.965" endtime="20200110 12:21:13.184"></status>
</kw>
<kw name="Run Keyword If" library="BuiltIn">
<doc>Runs the given keyword with the given arguments, if ``condition`` is true.</doc>
<arguments>
<arg>('${TVUELO}' == 'RT')</arg>
<arg>RoundTrip</arg>
<arg>${FECHASALIDA}</arg>
<arg>${MESPARTIDA}</arg>
<arg>${ANOPARTIDA}</arg>
</arguments>
<status status="PASS" starttime="20200110 12:21:13.184" endtime="20200110 12:21:13.184"></status>
</kw>
<status status="PASS" starttime="20200110 12:21:12.639" endtime="20200110 12:21:13.184"></status>
</kw>
<kw name="Continuar" library="RecursosQA">
<kw name="Click Element" library="SeleniumLibrary">
<doc>Click the element identified by ``locator``.</doc>
<arguments>
<arg>${BtnCONTINUAR}</arg>
</arguments>
<msg timestamp="20200110 12:21:13.186" level="INFO">Clicking element 'xpath=//div[@name='searchFlight']'.</msg>
<status status="PASS" starttime="20200110 12:21:13.185" endtime="20200110 12:21:21.440"></status>
</kw>
<kw name="Select Window" library="SeleniumLibrary">
[...]
<status status="PASS" starttime="20200110 12:21:40.899" endtime="20200110 12:21:42.768"></status>
</kw>
<kw name="Evaluate" library="BuiltIn">
<doc>Evaluates the given expression in Python and returns the results.</doc>
<arguments>
<arg>'${TxtMAILC}'.replace("XXX", "${INDEX}")</arg>
</arguments>
<assign>
<var>${TxtMAILC}</var>
</assign>
<msg timestamp="20200110 12:21:42.769" level="INFO">${TxtMAILC} = id=email-confirm-ad-1</msg>
<status status="PASS" starttime="20200110 12:21:42.768" endtime="20200110 12:21:42.769"></status>
</kw>
<kw name="Input Text" library="SeleniumLibrary">
<doc>Types the given ``text`` into the text field identified by ``locator``.</doc>
<arguments>
<arg>${TxtMAILC}</arg>
<arg>${CORREORESERVA}</arg>
</arguments>
<msg timestamp="20200110 12:21:42.769" level="INFO">Typing text 'cristianvergara@sqdm.com' into text field 'id=email-confirm-ad-1'.</msg>
<status status="PASS" starttime="20200110 12:21:42.769" endtime="20200110 12:21:44.666"></status>
</kw>
<kw name="Evaluate" library="BuiltIn">
<doc>Evaluates the given expression in Python and returns the results.</doc>
<arguments>
<arg>'${TxtCELULAR}'.replace("XXX", "${INDEX}")</arg>
</arguments>
<assign>
<var>${TxtCELULAR}</var>
</assign>
<msg timestamp="20200110 12:21:44.666" level="INFO">${TxtCELULAR} = id=phone-ad-1</msg>
<status status="PASS" starttime="20200110 12:21:44.666" endtime="20200110 12:21:44.667"></status>
</kw>
<kw name="Input Text" library="SeleniumLibrary">
<doc>Types the given ``text`` into the text field identified by ``locator``.</doc>
<arguments>
<arg>${TxtCELULAR}</arg>
<arg>${CELULARADULTO}</arg>
</arguments>
<msg timestamp="20200110 12:21:44.667" level="INFO">Typing text '3106430054' into text field 'id=phone-ad-1'.</msg>
<status status="PASS" starttime="20200110 12:21:44.667" endtime="20200110 12:21:45.760"></status>
</kw>
<kw name="Evaluate" library="BuiltIn">
<doc>Evaluates the given expression in Python and returns the results.</doc>
<arguments>
<arg>'${TxtID}'.replace("XXX", "${INDEX}")</arg>
</arguments>
<assign>
<var>${TxtID}</var>
</assign>
<msg timestamp="20200110 12:21:45.761" level="INFO">${TxtID} = id=numero-ad-1</msg>
<status status="PASS" starttime="20200110 12:21:45.761" endtime="20200110 12:21:45.761"></status>
</kw>
<kw name="Input Text" library="SeleniumLibrary">
<doc>Types the given ``text`` into the text field identified by ``locator``.</doc>
<arguments>
<arg>${TxtID}</arg>
<arg>${IDADULTO}</arg>
</arguments>
<msg timestamp="20200110 12:21:45.761" level="INFO">Typing text '6430054' into text field 'id=numero-ad-1'.</msg>
<status status="PASS" starttime="20200110 12:21:45.761" endtime="20200110 12:21:46.437"></status>
</kw>
<kw name="Evaluate" library="BuiltIn">
<doc>Evaluates the given expression in Python and returns the results.</doc>
<arguments>
<arg>'${TxtNOMBREADULTO}'.replace("${INDEX}", "XXX")</arg>
</arguments>
<assign>
<var>${TxtNOMBREADULTO}</var>
</assign>
<msg timestamp="20200110 12:21:46.437" level="INFO">${TxtNOMBREADULTO} = id=name-ad-XXX</msg>
<status status="PASS" starttime="20200110 12:21:46.437" endtime="20200110 12:21:46.437"></status>
</kw>
<kw name="Evaluate" library="BuiltIn">
<doc>Evaluates the given expression in Python and returns the results.</doc>
<arguments>
<arg>'${TxtAPELLIDO}'.replace("${INDEX}", "XXX")</arg>
</arguments>
<assign>
<var>${TxtAPELLIDO}</var>
</assign>
<msg timestamp="20200110 12:21:46.438" level="INFO">${TxtAPELLIDO} = id=lastname-ad-XXX</msg>
<status status="PASS" starttime="20200110 12:21:46.438" endtime="20200110 12:21:46.438"></status>
</kw>
<kw name="Evaluate" library="BuiltIn">
<doc>Evaluates the given expression in Python and returns the results.</doc>
<arguments>
<arg>'${LblSEXO}'.replace("${INDEX}", "XXX")</arg>
</arguments>
<assign>
<var>${LblSEXO}</var>
</assign>
<msg timestamp="20200110 12:21:46.438" level="INFO">${LblSEXO} = id=sex-ad-XXX</msg>
<status status="PASS" starttime="20200110 12:21:46.438" endtime="20200110 12:21:46.438"></status>
</kw>
<kw name="Evaluate" library="BuiltIn">
<doc>Evaluates the given expression in Python and returns the results.</doc>
<arguments>
<arg>'${LblANO}'.replace("${INDEX}", "XXX",1)</arg>
</arguments>
<assign>
<var>${LblANO}</var>
</assign>
<msg timestamp="20200110 12:21:46.439" level="INFO">${LblANO} = xpath=(.//*[normalize-space(text()) and normalize-space(.)="Fecha de nacimiento"])[XXX]/following::select[1]</msg>
<status status="PASS" starttime="20200110 12:21:46.438" endtime="20200110 12:21:46.439"></status>
</kw>
<kw name="Evaluate" library="BuiltIn">
<doc>Evaluates the given expression in Python and returns the results.</doc>
<arguments>
<arg>'${LblMES}'.replace("${INDEX}", "XXX",1)</arg>
</arguments>
<assign>
<var>${LblMES}</var>
</assign>
<msg timestamp="20200110 12:21:46.439" level="INFO">${LblMES} = xpath=(.//*[normalize-space(text()) and normalize-space(.)="Fecha de nacimiento"])[XXX]/following::select[2]</msg>
<status status="PASS" starttime="20200110 12:21:46.439" endtime="20200110 12:21:46.439"></status>
</kw>
<kw name="Evaluate" library="BuiltIn">
<doc>Evaluates the given expression in Python and returns the results.</doc>
<arguments>
<arg>'${LblDIA}'.replace("${INDEX}", "XXX",1)</arg>
</arguments>
<assign>
<var>${LblDIA}</var>
</assign>
<msg timestamp="20200110 12:21:46.440" level="INFO">${LblDIA} = xpath=(.//*[normalize-space(text()) and normalize-space(.)="Fecha de nacimiento"])[XXX]/following::select[3]</msg>
<status status="PASS" starttime="20200110 12:21:46.439" endtime="20200110 12:21:46.440"></status>
</kw>
<kw name="Evaluate" library="BuiltIn">
<doc>Evaluates the given expression in Python and returns the results.</doc>
<arguments>
<arg>'${TxtMAIL}'.replace("${INDEX}", "XXX")</arg>
</arguments>
<assign>
<var>${TxtMAIL}</var>
</assign>
<msg timestamp="20200110 12:21:46.440" level="INFO">${TxtMAIL} = id=email-ad-XXX</msg>
<status status="PASS" starttime="20200110 12:21:46.440" endtime="20200110 12:21:46.440"></status>
</kw>
<kw name="Evaluate" library="BuiltIn">
<doc>Evaluates the given expression in Python and returns the results.</doc>
<arguments>
<arg>'${TxtMAILC}'.replace("${INDEX}", "XXX")</arg>
</arguments>
<assign>
<var>${TxtMAILC}</var>
</assign>
<msg timestamp="20200110 12:21:46.440" level="INFO">${TxtMAILC} = id=email-confirm-ad-XXX</msg>
<status status="PASS" starttime="20200110 12:21:46.440" endtime="20200110 12:21:46.440"></status>
</kw>
<kw name="Evaluate" library="BuiltIn">
<doc>Evaluates the given expression in Python and returns the results.</doc>
<arguments>
<arg>'${TxtCELULAR}'.replace("${INDEX}", "XXX")</arg>
</arguments>
<assign>
<var>${TxtCELULAR}</var>
</assign>
<msg timestamp="20200110 12:21:46.441" level="INFO">${TxtCELULAR} = id=phone-ad-XXX</msg>
<status status="PASS" starttime="20200110 12:21:46.441" endtime="20200110 12:21:46.441"></status>
</kw>
<kw name="Evaluate" library="BuiltIn">
<doc>Evaluates the given expression in Python and returns the results.</doc>
<arguments>
<arg>'${TxtID}'.replace("${INDEX}", "XXX")</arg>
</arguments>
<assign>
<var>${TxtID}</var>
</assign>
<msg timestamp="20200110 12:21:46.441" level="INFO">${TxtID} = id=numero-ad-XXX</msg>
<status status="PASS" starttime="20200110 12:21:46.441" endtime="20200110 12:21:46.442"></status>
</kw>
<status status="PASS" starttime="20200110 12:21:38.243" endtime="20200110 12:21:46.442"></status>
</kw>
<kw name="${INDEX} = 2" type="foritem">
<kw name="Nombrewingo" library="MyFaker">
<assign>
<var>${NOMBREADULTO}</var>
</assign>
<msg timestamp="20200110 12:21:46.442" level="INFO">${NOMBREADULTO} = Fabian</msg>
<status status="PASS" starttime="20200110 12:21:46.442" endtime="20200110 12:21:46.442"></status>
</kw>
<kw name="Apellidowingo" library="MyFaker">
<assign>
<var>${APELLIDOADULTO}</var>
</assign>
<msg timestamp="20200110 12:21:46.442" level="INFO">${APELLIDOADULTO} = Dolmayan</msg>
<status status="PASS" starttime="20200110 12:21:46.442" endtime="20200110 12:21:46.442"></status>
</kw>
<kw name="Set Variable" library="BuiltIn">
<doc>Returns the given values which can then be assigned to a variables.</doc>
<arguments>
<arg>310</arg>
</arguments>
<assign>
<var>${CELULARADULTO}</var>
</assign>
<msg timestamp="20200110 12:21:46.443" level="INFO">${CELULARADULTO} = 310</msg>
<status status="PASS" starttime="20200110 12:21:46.442" endtime="20200110 12:21:46.443"></status>
</kw>
<kw name="Numerowingo" library="MyFaker">
<assign>
<var>${TOKEN}</var>
</assign>
<msg timestamp="20200110 12:21:46.443" level="INFO">${TOKEN} = 3324567</msg>
<status status="PASS" starttime="20200110 12:21:46.443" endtime="20200110 12:21:46.443"></status>
</kw>
<kw name="Catenate" library="BuiltIn">
<doc>Catenates the given items together and returns the resulted string.</doc>
<arguments>
<arg>${CELULARADULTO}</arg>
<arg>${TOKEN}</arg>
</arguments>
<assign>
<var>${CELULARADULTO}</var>
</assign>
<msg timestamp="20200110 12:21:46.443" level="INFO">${CELULARADULTO} = 310 3324567</msg>
<status status="PASS" starttime="20200110 12:21:46.443" endtime="20200110 12:21:46.443"></status>
</kw>
<kw name="Evaluate" library="BuiltIn">
<doc>Evaluates the given expression in Python and returns the results.</doc>
<arguments>
<arg>'${CELULARADULTO}'.replace(" ", "")</arg>
</arguments>
<assign>
<var>${CELULARADULTO}</var>
</assign>
<msg timestamp="20200110 12:21:46.444" level="INFO">${CELULARADULTO} = 3103324567</msg>
<status status="PASS" starttime="20200110 12:21:46.443" endtime="20200110 12:21:46.444"></status>
</kw>
<kw name="Set Variable" library="BuiltIn">
<doc>Returns the given values which can then be assigned to a variables.</doc>
<assign>
<var>${IDADULTO}</var>
</assign>
<msg timestamp="20200110 12:21:46.444" level="INFO">${IDADULTO} = </msg>
<status status="PASS" starttime="20200110 12:21:46.444" endtime="20200110 12:21:46.444"></status>
</kw>
<kw name="Catenate" library="BuiltIn">
<doc>Catenates the given items together and returns the resulted string.</doc>
<arguments>
<arg>${IDADULTO}</arg>
<arg>${TOKEN}</arg>
</arguments>
<assign>
<var>${IDADULTO}</var>
</assign>
<msg timestamp="20200110 12:21:46.444" level="INFO">${IDADULTO} =  3324567</msg>
<status status="PASS" starttime="20200110 12:21:46.444" endtime="20200110 12:21:46.444"></status>
</kw>
<kw name="Evaluate" library="BuiltIn">
<doc>Evaluates the given expression in Python and returns the results.</doc>
<arguments>
<arg>'${IDADULTO}'.replace(" ", "")</arg>
</arguments>
<assign>
<var>${IDADULTO}</var>
</assign>
<msg timestamp="20200110 12:21:46.445" level="INFO">${IDADULTO} = 3324567</msg>
<status status="PASS" starttime="20200110 12:21:46.445" endtime="20200110 12:21:46.445"></status>
</kw>
<kw name="Get Current Date" library="DateTime">
<doc>Returns current local or UTC time with an optional increment.</doc>
<arguments>
<arg>result_format=%Y</arg>
</arguments>
<assign>
<var>${ANO}</var>
</assign>
<msg timestamp="20200110 12:21:46.445" level="INFO">${ANO} = 2020</msg>
<status status="PASS" starttime="20200110 12:21:46.445" endtime="20200110 12:21:46.445"></status>
</kw>
<kw name="Convert To Integer" library="BuiltIn">
<doc>Converts the given item to an integer number.</doc>
<arguments>
<arg>${ANO}</arg>
</arguments>
<assign>
<var>${ANO}</var>
</assign>
<msg timestamp="20200110 12:21:46.446" level="INFO">${ANO} = 2020</msg>
<status status="PASS" starttime="20200110 12:21:46.445" endtime="20200110 12:21:46.446"></status>
</kw>
<kw name="Evaluate" library="BuiltIn">
<doc>Evaluates the given expression in Python and returns the results.</doc>
<arguments>
<arg>${ANO}-30</arg>
</arguments>
<assign>
<var>${ANOADULTO}</var>
</assign>
<msg timestamp="20200110 12:21:46.446" level="INFO">${ANOADULTO} = 1990</msg>
<status status="PASS" starttime="20200110 12:21:46.446" endtime="20200110 12:21:46.446"></status>
</kw>
<kw name="Convert To String" library="BuiltIn">
<doc>Converts the given item to a Unicode string.</doc>
<arguments>
<arg>${ANOADULTO}</arg>
</arguments>
<assign>
<var>${ANOADULTO}</var>
</assign>
<msg timestamp="20200110 12:21:46.446" level="INFO">${ANOADULTO} = 1990</msg>
<status status="PASS" starttime="20200110 12:21:46.446" endtime="20200110 12:21:46.446"></status>
</kw>
<kw name="Get Current Date" library="DateTime">
<doc>Returns current local or UTC time with an optional increment.</doc>
<arguments>
<arg>result_format=%d</arg>
</arguments>
<assign>
<var>${DIA}</var>
</assign>
<msg timestamp="20200110 12:21:46.447" level="INFO">${DIA} = 10</msg>
<status status="PASS" starttime="20200110 12:21:46.446" endtime="20200110 12:21:46.447"></status>
</kw>
<kw name="Convert To String" library="BuiltIn">
<doc>Converts the given item to a Unicode string.</doc>
<arguments>
<arg>${DIA}</arg>
</arguments>
<assign>
<var>${DIA}</var>
</assign>
<msg timestamp="20200110 12:21:46.447" level="INFO">${DIA} = 10</msg>
<status status="PASS" starttime="20200110 12:21:46.447" endtime="20200110 12:21:46.447"></status>
</kw>
<kw name="Get Current Date" library="DateTime">
<doc>Returns current local or UTC time with an optional increment.</doc>
<arguments>
<arg>result_format=%m</arg>
</arguments>
<assign>
<var>${MES}</var>
</assign>
<msg timestamp="20200110 12:21:46.447" level="INFO">${MES} = 01</msg>
<status status="PASS" starttime="20200110 12:21:46.447" endtime="20200110 12:21:46.447"></status>
</kw>
<kw name="Convert To String" library="BuiltIn">
<doc>Converts the given item to a Unicode string.</doc>
<arguments>
<arg>${MES}</arg>
</arguments>
<assign>
<var>${MES}</var>
</assign>
<msg timestamp="20200110 12:21:46.448" level="INFO">${MES} = 01</msg>
<status status="PASS" starttime="20200110 12:21:46.448" endtime="20200110 12:21:46.448"></status>
</kw>
<kw name="Evaluate" library="BuiltIn">
<doc>Evaluates the given expression in Python and returns the results.</doc>
<arguments>
<arg>'${TxtNOMBREADULTO}'.replace("XXX", "${INDEX}")</arg>
</arguments>
<assign>
<var>${TxtNOMBREADULTO}</var>
</assign>
<msg timestamp="20200110 12:21:46.448" level="INFO">${TxtNOMBREADULTO} = id=name-ad-2</msg>
<status status="PASS" starttime="20200110 12:21:46.448" endtime="20200110 12:21:46.448"></status>
</kw>
<kw name="Input Text" library="SeleniumLibrary">
<doc>Types the given ``text`` into the text field identified by ``locator``.</doc>
<arguments>
<arg>${TxtNOMBREADULTO}</arg>
<arg>${NOMBREADULTO}</arg>
</arguments>
<msg timestamp="20200110 12:21:46.449" level="INFO">Typing text 'Fabian' into text field 'id=name-ad-2'.</msg>
<status status="PASS" starttime="20200110 12:21:46.448" endtime="20200110 12:21:47.032"></status>
</kw>
<kw name="Evaluate" library="BuiltIn">
<doc>Evaluates the given expression in Python and returns the results.</doc>
<arguments>
<arg>'${TxtAPELLIDO}'.replace("XXX", "${INDEX}")</arg>
</arguments>
<assign>
<var>${TxtAPELLIDO}</var>
</assign>
<msg timestamp="20200110 12:21:47.033" level="INFO">${TxtAPELLIDO} = id=lastname-ad-2</msg>
<status status="PASS" starttime="20200110 12:21:47.032" endtime="20200110 12:21:47.033"></status>
</kw>
<kw name="Input Text" library="SeleniumLibrary">
<doc>Types the given ``text`` into the text field identified by ``locator``.</doc>
<arguments>
<arg>${TxtAPELLIDO}</arg>
<arg>${APELLIDOADULTO}</arg>
</arguments>
<msg timestamp="20200110 12:21:47.033" level="INFO">Typing text 'Dolmayan' into text field 'id=lastname-ad-2'.</msg>
<status status="PASS" starttime="20200110 12:21:47.033" endtime="20200110 12:21:47.969"></status>
</kw>
<kw name="Evaluate" library="BuiltIn">
<doc>Evaluates the given expression in Python and returns the results.</doc>
<arguments>
<arg>'${LblSEXO}'.replace("XXX", "${INDEX}")</arg>
</arguments>
<assign>
<var>${LblSEXO}</var>
</assign>
<msg timestamp="20200110 12:21:47.970" level="INFO">${LblSEXO} = id=sex-ad-2</msg>
<status status="PASS" starttime="20200110 12:21:47.969" endtime="20200110 12:21:47.970"></status>
</kw>
<kw name="Click Element" library="SeleniumLibrary">
<doc>Click the element identified by ``locator``.</doc>
<arguments>
<arg>${LblSEXO}</arg>
</arguments>
<msg timestamp="20200110 12:21:47.972" level="INFO">Clicking element 'id=sex-ad-2'.</msg>
<status status="PASS" starttime="20200110 12:21:47.971" endtime="20200110 12:21:49.092"></status>
</kw>
<kw name="Click Element" library="SeleniumLibrary">
<doc>Click the element identified by ``locator``.</doc>
<arguments>
<arg>xpath=//div[@id='sex-ad-${INDEX}']/ul/li[1]</arg>
</arguments>
<msg timestamp="20200110 12:21:49.094" level="INFO">Clicking element 'xpath=//div[@id='sex-ad-2']/ul/li[1]'.</msg>
<status status="PASS" starttime="20200110 12:21:49.093" endtime="20200110 12:21:49.953"></status>
</kw>
<kw name="Evaluate" library="BuiltIn">
<doc>Evaluates the given expression in Python and returns the results.</doc>
<arguments>
<arg>'${LblANO}'.replace("XXX", "${INDEX}")</arg>
</arguments>
<assign>
<var>${LblANO}</var>
</assign>
<msg timestamp="20200110 12:21:49.953" level="INFO">${LblANO} = xpath=(.//*[normalize-space(text()) and normalize-space(.)="Fecha de nacimiento"])[2]/following::select[1]</msg>
<status status="PASS" starttime="20200110 12:21:49.953" endtime="20200110 12:21:49.953"></status>
</kw>
<kw name="Select From List By Label" library="SeleniumLibrary">
<doc>Selects options from selection list ``locator`` by ``labels``.</doc>
<arguments>
<arg>${LblANO}</arg>
<arg>${ANOADULTO}</arg>
</arguments>
<msg timestamp="20200110 12:21:49.954" level="INFO">Selecting options from selection list 'xpath=(.//*[normalize-space(text()) and normalize-space(.)="Fecha de nacimiento"])[2]/following::select[1]' by label 1990.</msg>
<kw name="Capture Page Screenshot" library="SeleniumLibrary">
<doc>Takes a screenshot of the current page and embeds it into a log file.</doc>
<msg timestamp="20200110 12:21:50.103" level="FAIL">NoSuchWindowException: Message: no such window: target window already closed
from unknown error: web view not found
  (Session info: chrome=79.0.3945.117)
</msg>
<status status="FAIL" starttime="20200110 12:21:50.089" endtime="20200110 12:21:50.103"></status>
</kw>
<msg timestamp="20200110 12:21:50.104" level="WARN">Keyword 'Capture Page Screenshot' could not be run on failure: NoSuchWindowException: Message: no such window: target window already closed
from unknown error: web view not found
  (Session info: chrome=79.0.3945.117)
</msg>
<msg timestamp="20200110 12:21:50.753" level="FAIL">NoSuchWindowException: Message: no such window: target window already closed
from unknown error: web view not found
  (Session info: chrome=79.0.3945.117)
</msg>
<status status="FAIL" starttime="20200110 12:21:49.953" endtime="20200110 12:21:50.753"></status>
</kw>
<status status="FAIL" starttime="20200110 12:21:46.442" endtime="20200110 12:21:50.753"></status>
</kw>
<status status="FAIL" starttime="20200110 12:21:38.243" endtime="20200110 12:21:50.753"></status>
</kw>
<status status="FAIL" starttime="20200110 12:21:35.223" endtime="20200110 12:21:50.753"></status>
</kw>
<status status="FAIL" starttime="20200110 12:21:35.141" endtime="20200110 12:21:50.753"></status>
</kw>
<status status="FAIL" starttime="20200110 12:20:44.370" endtime="20200110 12:21:50.753" critical="yes">NoSuchWindowException: Message: no such window: target window already closed
from unknown error: web view not found
  (Session info: chrome=79.0.3945.117)
</status>
</test>
<status status="FAIL" starttime="20200110 12:20:44.120" endtime="20200110 12:21:50.753"></status>
</suite>
<statistics>
<total>
<stat pass="0" fail="1">Critical Tests</stat>
<stat pass="0" fail="1">All Tests</stat>
</total>
<tag>
</tag>
<suite>
<stat pass="0" fail="1" id="s1" name="PagosQA">PagosQA</stat>
</suite>
</statistics>
<errors>
<msg timestamp="20200110 12:21:50.104" level="WARN">Keyword 'Capture Page Screenshot' could not be run on failure: NoSuchWindowException: Message: no such window: target window already closed
from unknown error: web view not found
  (Session info: chrome=79.0.3945.117)
</msg>
</errors>
</robot>
